CRITICAL - 2023-06-07 15:07:48 --> syntax error, unexpected token "return"
in APPPATH\Controllers\Manager\CategoriesController.php on line 51.
 1 SYSTEMPATH\Autoloader\Autoloader.php(289): CodeIgniter\Autoloader\Autoloader->includeFile('D:\\wamp64\\www\\anuncio\\app\\Controllers\\Manager\\CategoriesController.php')
 2 SYSTEMPATH\Autoloader\Autoloader.php(267): CodeIgniter\Autoloader\Autoloader->loadInNamespace('App\\Controllers\\Manager\\CategoriesController')
 3 [internal function]: CodeIgniter\Autoloader\Autoloader->loadClass('App\\Controllers\\Manager\\CategoriesController')
 4 SYSTEMPATH\CodeIgniter.php(892): class_exists('\\App\\Controllers\\Manager\\CategoriesController', true)
 5 SYSTEMPATH\CodeIgniter.php(486): CodeIgniter\CodeIgniter->startController()
 6 SYSTEMPATH\CodeIgniter.php(368): CodeIgniter\CodeIgniter->handleRequest(null, Object(Config\Cache), false)
 7 FCPATH\index.php(67): CodeIgniter\CodeIgniter->run()
CRITICAL - 2023-06-07 15:08:14 --> syntax error, unexpected variable "$category", expecting ";" or "{"
in APPPATH\Services\CategoryService.php on line 64.
 1 SYSTEMPATH\Autoloader\Autoloader.php(289): CodeIgniter\Autoloader\Autoloader->includeFile('D:\\wamp64\\www\\anuncio\\app\\Services\\categoryService.php')
 2 SYSTEMPATH\Autoloader\Autoloader.php(267): CodeIgniter\Autoloader\Autoloader->loadInNamespace('App\\Services\\categoryService')
 3 [internal function]: CodeIgniter\Autoloader\Autoloader->loadClass('App\\Services\\categoryService')
 4 SYSTEMPATH\Config\Factories.php(160): class_exists('App\\Services\\categoryService')
 5 SYSTEMPATH\Config\Factories.php(125): CodeIgniter\Config\Factories::locateClass([...], 'App\\Services\\categoryService')
 6 APPPATH\Controllers\Manager\CategoriesController.php(16): CodeIgniter\Config\Factories::__callStatic('class', [])
 7 SYSTEMPATH\CodeIgniter.php(906): App\Controllers\Manager\CategoriesController->__construct()
 8 SYSTEMPATH\CodeIgniter.php(490): CodeIgniter\CodeIgniter->createController()
 9 SYSTEMPATH\CodeIgniter.php(368): CodeIgniter\CodeIgniter->handleRequest(null, Object(Config\Cache), false)
10 FCPATH\index.php(67): CodeIgniter\CodeIgniter->run()
CRITICAL - 2023-06-07 15:08:33 --> Call to undefined method App\Models\CategoryModel::widthDeleted
in SYSTEMPATH\Model.php on line 842.
 1 APPPATH\Services\CategoryService.php(66): CodeIgniter\Model->__call('widthDeleted', [...])
 2 APPPATH\Controllers\Manager\CategoriesController.php(45): App\Services\CategoryService->getCategory(2)
 3 SYSTEMPATH\CodeIgniter.php(934): App\Controllers\Manager\CategoriesController->getCategoryInfo()
 4 SYSTEMPATH\CodeIgniter.php(499): CodeIgniter\CodeIgniter->runController(Object(App\Controllers\Manager\CategoriesController))
 5 SYSTEMPATH\CodeIgniter.php(368): CodeIgniter\CodeIgniter->handleRequest(null, Object(Config\Cache), false)
 6 FCPATH\index.php(67): CodeIgniter\CodeIgniter->run()
CRITICAL - 2023-06-07 15:11:26 --> mysqli_result::fetch_object(): Argument #1 ($class) must be a valid class name, App\Models\Category given
in SYSTEMPATH\Database\MySQLi\Result.php on line 154.
 1 SYSTEMPATH\Database\MySQLi\Result.php(154): mysqli_result->fetch_object('App\\Models\\Category')
 2 SYSTEMPATH\Database\BaseResult.php(159): CodeIgniter\Database\MySQLi\Result->fetchObject('App\\Models\\Category')
 3 SYSTEMPATH\Database\BaseResult.php(114): CodeIgniter\Database\BaseResult->getCustomResultObject('App\\Models\\Category')
 4 SYSTEMPATH\Database\BaseResult.php(391): CodeIgniter\Database\BaseResult->getResult('App\\Models\\Category')
 5 SYSTEMPATH\Model.php(201): CodeIgniter\Database\BaseResult->getFirstRow('App\\Models\\Category')
 6 SYSTEMPATH\BaseModel.php(557): CodeIgniter\Model->doFind(true, 2)
 7 APPPATH\Services\CategoryService.php(66): CodeIgniter\BaseModel->find(2)
 8 APPPATH\Controllers\Manager\CategoriesController.php(45): App\Services\CategoryService->getCategory(2)
 9 SYSTEMPATH\CodeIgniter.php(934): App\Controllers\Manager\CategoriesController->getCategoryInfo()
10 SYSTEMPATH\CodeIgniter.php(499): CodeIgniter\CodeIgniter->runController(Object(App\Controllers\Manager\CategoriesController))
11 SYSTEMPATH\CodeIgniter.php(368): CodeIgniter\CodeIgniter->handleRequest(null, Object(Config\Cache), false)
12 FCPATH\index.php(67): CodeIgniter\CodeIgniter->run()
CRITICAL - 2023-06-07 15:14:07 --> mysqli_result::fetch_object(): Argument #1 ($class) must be a valid class name, App\Models\Category given
in SYSTEMPATH\Database\MySQLi\Result.php on line 154.
 1 SYSTEMPATH\Database\MySQLi\Result.php(154): mysqli_result->fetch_object('App\\Models\\Category')
 2 SYSTEMPATH\Database\BaseResult.php(159): CodeIgniter\Database\MySQLi\Result->fetchObject('App\\Models\\Category')
 3 SYSTEMPATH\Database\BaseResult.php(114): CodeIgniter\Database\BaseResult->getCustomResultObject('App\\Models\\Category')
 4 SYSTEMPATH\Database\BaseResult.php(391): CodeIgniter\Database\BaseResult->getResult('App\\Models\\Category')
 5 SYSTEMPATH\Model.php(201): CodeIgniter\Database\BaseResult->getFirstRow('App\\Models\\Category')
 6 SYSTEMPATH\BaseModel.php(557): CodeIgniter\Model->doFind(true, 1)
 7 APPPATH\Services\CategoryService.php(66): CodeIgniter\BaseModel->find(1)
 8 APPPATH\Controllers\Manager\CategoriesController.php(45): App\Services\CategoryService->getCategory(1)
 9 SYSTEMPATH\CodeIgniter.php(934): App\Controllers\Manager\CategoriesController->getCategoryInfo()
10 SYSTEMPATH\CodeIgniter.php(499): CodeIgniter\CodeIgniter->runController(Object(App\Controllers\Manager\CategoriesController))
11 SYSTEMPATH\CodeIgniter.php(368): CodeIgniter\CodeIgniter->handleRequest(null, Object(Config\Cache), false)
12 FCPATH\index.php(67): CodeIgniter\CodeIgniter->run()
INFO - 2023-06-07 15:14:16 --> Session: Class initialized using 'CodeIgniter\Session\Handlers\FileHandler' driver.
CRITICAL - 2023-06-07 15:27:55 --> mysqli_result::fetch_object(): Argument #1 ($class) must be a valid class name, App\Models\Category given
in SYSTEMPATH\Database\MySQLi\Result.php on line 154.
 1 SYSTEMPATH\Database\MySQLi\Result.php(154): mysqli_result->fetch_object('App\\Models\\Category')
 2 SYSTEMPATH\Database\BaseResult.php(159): CodeIgniter\Database\MySQLi\Result->fetchObject('App\\Models\\Category')
 3 SYSTEMPATH\Database\BaseResult.php(114): CodeIgniter\Database\BaseResult->getCustomResultObject('App\\Models\\Category')
 4 SYSTEMPATH\Database\BaseResult.php(391): CodeIgniter\Database\BaseResult->getResult('App\\Models\\Category')
 5 SYSTEMPATH\Model.php(201): CodeIgniter\Database\BaseResult->getFirstRow('App\\Models\\Category')
 6 SYSTEMPATH\BaseModel.php(557): CodeIgniter\Model->doFind(true, 2)
 7 APPPATH\Services\CategoryService.php(66): CodeIgniter\BaseModel->find(2)
 8 APPPATH\Controllers\Manager\CategoriesController.php(45): App\Services\CategoryService->getCategory(2)
 9 SYSTEMPATH\CodeIgniter.php(934): App\Controllers\Manager\CategoriesController->getCategoryInfo()
10 SYSTEMPATH\CodeIgniter.php(499): CodeIgniter\CodeIgniter->runController(Object(App\Controllers\Manager\CategoriesController))
11 SYSTEMPATH\CodeIgniter.php(368): CodeIgniter\CodeIgniter->handleRequest(null, Object(Config\Cache), false)
12 FCPATH\index.php(67): CodeIgniter\CodeIgniter->run()
CRITICAL - 2023-06-07 15:29:43 --> Too few arguments to function App\Services\CategoryService::getCategory(), 0 passed in D:\wamp64\www\anuncio\app\Controllers\Manager\CategoriesController.php on line 45 and at least 1 expected
in APPPATH\Services\CategoryService.php on line 64.
 1 APPPATH\Controllers\Manager\CategoriesController.php(45): App\Services\CategoryService->getCategory()
 2 SYSTEMPATH\CodeIgniter.php(934): App\Controllers\Manager\CategoriesController->getCategoryInfo()
 3 SYSTEMPATH\CodeIgniter.php(499): CodeIgniter\CodeIgniter->runController(Object(App\Controllers\Manager\CategoriesController))
 4 SYSTEMPATH\CodeIgniter.php(368): CodeIgniter\CodeIgniter->handleRequest(null, Object(Config\Cache), false)
 5 FCPATH\index.php(67): CodeIgniter\CodeIgniter->run()
CRITICAL - 2023-06-07 15:30:05 --> mysqli_result::fetch_object(): Argument #1 ($class) must be a valid class name, App\Models\Category given
in SYSTEMPATH\Database\MySQLi\Result.php on line 154.
 1 SYSTEMPATH\Database\MySQLi\Result.php(154): mysqli_result->fetch_object('App\\Models\\Category')
 2 SYSTEMPATH\Database\BaseResult.php(159): CodeIgniter\Database\MySQLi\Result->fetchObject('App\\Models\\Category')
 3 SYSTEMPATH\Database\BaseResult.php(114): CodeIgniter\Database\BaseResult->getCustomResultObject('App\\Models\\Category')
 4 SYSTEMPATH\Database\BaseResult.php(391): CodeIgniter\Database\BaseResult->getResult('App\\Models\\Category')
 5 SYSTEMPATH\Model.php(201): CodeIgniter\Database\BaseResult->getFirstRow('App\\Models\\Category')
 6 SYSTEMPATH\BaseModel.php(557): CodeIgniter\Model->doFind(true, 1)
 7 APPPATH\Services\CategoryService.php(66): CodeIgniter\BaseModel->find(1)
 8 APPPATH\Controllers\Manager\CategoriesController.php(45): App\Services\CategoryService->getCategory(1)
 9 SYSTEMPATH\CodeIgniter.php(934): App\Controllers\Manager\CategoriesController->getCategoryInfo()
10 SYSTEMPATH\CodeIgniter.php(499): CodeIgniter\CodeIgniter->runController(Object(App\Controllers\Manager\CategoriesController))
11 SYSTEMPATH\CodeIgniter.php(368): CodeIgniter\CodeIgniter->handleRequest(null, Object(Config\Cache), false)
12 FCPATH\index.php(67): CodeIgniter\CodeIgniter->run()
CRITICAL - 2023-06-07 15:31:32 --> mysqli_result::fetch_object(): Argument #1 ($class) must be a valid class name, App\Models\Category given
in SYSTEMPATH\Database\MySQLi\Result.php on line 154.
 1 SYSTEMPATH\Database\MySQLi\Result.php(154): mysqli_result->fetch_object('App\\Models\\Category')
 2 SYSTEMPATH\Database\BaseResult.php(159): CodeIgniter\Database\MySQLi\Result->fetchObject('App\\Models\\Category')
 3 SYSTEMPATH\Database\BaseResult.php(114): CodeIgniter\Database\BaseResult->getCustomResultObject('App\\Models\\Category')
 4 SYSTEMPATH\Database\BaseResult.php(391): CodeIgniter\Database\BaseResult->getResult('App\\Models\\Category')
 5 SYSTEMPATH\Model.php(201): CodeIgniter\Database\BaseResult->getFirstRow('App\\Models\\Category')
 6 SYSTEMPATH\BaseModel.php(557): CodeIgniter\Model->doFind(true, '1')
 7 APPPATH\Services\CategoryService.php(66): CodeIgniter\BaseModel->find('1')
 8 APPPATH\Controllers\Manager\CategoriesController.php(45): App\Services\CategoryService->getCategory(1)
 9 SYSTEMPATH\CodeIgniter.php(934): App\Controllers\Manager\CategoriesController->getCategoryInfo()
10 SYSTEMPATH\CodeIgniter.php(499): CodeIgniter\CodeIgniter->runController(Object(App\Controllers\Manager\CategoriesController))
11 SYSTEMPATH\CodeIgniter.php(368): CodeIgniter\CodeIgniter->handleRequest(null, Object(Config\Cache), false)
12 FCPATH\index.php(67): CodeIgniter\CodeIgniter->run()
CRITICAL - 2023-06-07 15:31:37 --> mysqli_result::fetch_object(): Argument #1 ($class) must be a valid class name, App\Models\Category given
in SYSTEMPATH\Database\MySQLi\Result.php on line 154.
 1 SYSTEMPATH\Database\MySQLi\Result.php(154): mysqli_result->fetch_object('App\\Models\\Category')
 2 SYSTEMPATH\Database\BaseResult.php(159): CodeIgniter\Database\MySQLi\Result->fetchObject('App\\Models\\Category')
 3 SYSTEMPATH\Database\BaseResult.php(114): CodeIgniter\Database\BaseResult->getCustomResultObject('App\\Models\\Category')
 4 SYSTEMPATH\Database\BaseResult.php(391): CodeIgniter\Database\BaseResult->getResult('App\\Models\\Category')
 5 SYSTEMPATH\Model.php(201): CodeIgniter\Database\BaseResult->getFirstRow('App\\Models\\Category')
 6 SYSTEMPATH\BaseModel.php(557): CodeIgniter\Model->doFind(true, '1')
 7 APPPATH\Services\CategoryService.php(66): CodeIgniter\BaseModel->find('1')
 8 APPPATH\Controllers\Manager\CategoriesController.php(45): App\Services\CategoryService->getCategory(1)
 9 SYSTEMPATH\CodeIgniter.php(934): App\Controllers\Manager\CategoriesController->getCategoryInfo()
10 SYSTEMPATH\CodeIgniter.php(499): CodeIgniter\CodeIgniter->runController(Object(App\Controllers\Manager\CategoriesController))
11 SYSTEMPATH\CodeIgniter.php(368): CodeIgniter\CodeIgniter->handleRequest(null, Object(Config\Cache), false)
12 FCPATH\index.php(67): CodeIgniter\CodeIgniter->run()
CRITICAL - 2023-06-07 15:32:16 --> mysqli_result::fetch_object(): Argument #1 ($class) must be a valid class name, App\Models\Category given
in SYSTEMPATH\Database\MySQLi\Result.php on line 154.
 1 SYSTEMPATH\Database\MySQLi\Result.php(154): mysqli_result->fetch_object('App\\Models\\Category')
 2 SYSTEMPATH\Database\BaseResult.php(159): CodeIgniter\Database\MySQLi\Result->fetchObject('App\\Models\\Category')
 3 SYSTEMPATH\Database\BaseResult.php(114): CodeIgniter\Database\BaseResult->getCustomResultObject('App\\Models\\Category')
 4 SYSTEMPATH\Database\BaseResult.php(391): CodeIgniter\Database\BaseResult->getResult('App\\Models\\Category')
 5 SYSTEMPATH\Model.php(201): CodeIgniter\Database\BaseResult->getFirstRow('App\\Models\\Category')
 6 SYSTEMPATH\BaseModel.php(557): CodeIgniter\Model->doFind(true, '1')
 7 APPPATH\Services\CategoryService.php(66): CodeIgniter\BaseModel->find('1')
 8 APPPATH\Controllers\Manager\CategoriesController.php(45): App\Services\CategoryService->getCategory(1)
 9 SYSTEMPATH\CodeIgniter.php(934): App\Controllers\Manager\CategoriesController->getCategoryInfo()
10 SYSTEMPATH\CodeIgniter.php(499): CodeIgniter\CodeIgniter->runController(Object(App\Controllers\Manager\CategoriesController))
11 SYSTEMPATH\CodeIgniter.php(368): CodeIgniter\CodeIgniter->handleRequest(null, Object(Config\Cache), false)
12 FCPATH\index.php(67): CodeIgniter\CodeIgniter->run()
CRITICAL - 2023-06-07 15:34:02 --> mysqli_result::fetch_object(): Argument #1 ($class) must be a valid class name, App\Models\Category given
in SYSTEMPATH\Database\MySQLi\Result.php on line 154.
 1 SYSTEMPATH\Database\MySQLi\Result.php(154): mysqli_result->fetch_object('App\\Models\\Category')
 2 SYSTEMPATH\Database\BaseResult.php(159): CodeIgniter\Database\MySQLi\Result->fetchObject('App\\Models\\Category')
 3 SYSTEMPATH\Database\BaseResult.php(114): CodeIgniter\Database\BaseResult->getCustomResultObject('App\\Models\\Category')
 4 SYSTEMPATH\Database\BaseResult.php(391): CodeIgniter\Database\BaseResult->getResult('App\\Models\\Category')
 5 SYSTEMPATH\Model.php(201): CodeIgniter\Database\BaseResult->getFirstRow('App\\Models\\Category')
 6 SYSTEMPATH\BaseModel.php(557): CodeIgniter\Model->doFind(true, '1')
 7 APPPATH\Services\CategoryService.php(66): CodeIgniter\BaseModel->find('1')
 8 APPPATH\Controllers\Manager\CategoriesController.php(45): App\Services\CategoryService->getCategory(1)
 9 SYSTEMPATH\CodeIgniter.php(934): App\Controllers\Manager\CategoriesController->getCategoryInfo()
10 SYSTEMPATH\CodeIgniter.php(499): CodeIgniter\CodeIgniter->runController(Object(App\Controllers\Manager\CategoriesController))
11 SYSTEMPATH\CodeIgniter.php(368): CodeIgniter\CodeIgniter->handleRequest(null, Object(Config\Cache), false)
12 FCPATH\index.php(67): CodeIgniter\CodeIgniter->run()
CRITICAL - 2023-06-07 15:37:42 --> syntax error, unexpected token "return"
in APPPATH\Controllers\Manager\CategoriesController.php on line 52.
 1 SYSTEMPATH\Autoloader\Autoloader.php(289): CodeIgniter\Autoloader\Autoloader->includeFile('D:\\wamp64\\www\\anuncio\\app\\Controllers\\Manager\\CategoriesController.php')
 2 SYSTEMPATH\Autoloader\Autoloader.php(267): CodeIgniter\Autoloader\Autoloader->loadInNamespace('App\\Controllers\\Manager\\CategoriesController')
 3 [internal function]: CodeIgniter\Autoloader\Autoloader->loadClass('App\\Controllers\\Manager\\CategoriesController')
 4 SYSTEMPATH\CodeIgniter.php(892): class_exists('\\App\\Controllers\\Manager\\CategoriesController', true)
 5 SYSTEMPATH\CodeIgniter.php(486): CodeIgniter\CodeIgniter->startController()
 6 SYSTEMPATH\CodeIgniter.php(368): CodeIgniter\CodeIgniter->handleRequest(null, Object(Config\Cache), false)
 7 FCPATH\index.php(67): CodeIgniter\CodeIgniter->run()
CRITICAL - 2023-06-07 15:39:57 --> mysqli_result::fetch_object(): Argument #1 ($class) must be a valid class name, App\Models\Category given
in SYSTEMPATH\Database\MySQLi\Result.php on line 154.
 1 SYSTEMPATH\Database\MySQLi\Result.php(154): mysqli_result->fetch_object('App\\Models\\Category')
 2 SYSTEMPATH\Database\BaseResult.php(159): CodeIgniter\Database\MySQLi\Result->fetchObject('App\\Models\\Category')
 3 SYSTEMPATH\Database\BaseResult.php(114): CodeIgniter\Database\BaseResult->getCustomResultObject('App\\Models\\Category')
 4 SYSTEMPATH\Database\BaseResult.php(391): CodeIgniter\Database\BaseResult->getResult('App\\Models\\Category')
 5 SYSTEMPATH\Model.php(201): CodeIgniter\Database\BaseResult->getFirstRow('App\\Models\\Category')
 6 SYSTEMPATH\BaseModel.php(557): CodeIgniter\Model->doFind(true, 2)
 7 APPPATH\Services\CategoryService.php(66): CodeIgniter\BaseModel->find(2)
 8 APPPATH\Controllers\Manager\CategoriesController.php(45): App\Services\CategoryService->getCategory(2)
 9 SYSTEMPATH\CodeIgniter.php(934): App\Controllers\Manager\CategoriesController->getCategoryInfo()
10 SYSTEMPATH\CodeIgniter.php(499): CodeIgniter\CodeIgniter->runController(Object(App\Controllers\Manager\CategoriesController))
11 SYSTEMPATH\CodeIgniter.php(368): CodeIgniter\CodeIgniter->handleRequest(null, Object(Config\Cache), false)
12 FCPATH\index.php(67): CodeIgniter\CodeIgniter->run()
CRITICAL - 2023-06-07 15:42:56 --> mysqli_result::fetch_object(): Argument #1 ($class) must be a valid class name, App\Models\Category given
in SYSTEMPATH\Database\MySQLi\Result.php on line 154.
 1 SYSTEMPATH\Database\MySQLi\Result.php(154): mysqli_result->fetch_object('App\\Models\\Category')
 2 SYSTEMPATH\Database\BaseResult.php(159): CodeIgniter\Database\MySQLi\Result->fetchObject('App\\Models\\Category')
 3 SYSTEMPATH\Database\BaseResult.php(114): CodeIgniter\Database\BaseResult->getCustomResultObject('App\\Models\\Category')
 4 SYSTEMPATH\Database\BaseResult.php(391): CodeIgniter\Database\BaseResult->getResult('App\\Models\\Category')
 5 SYSTEMPATH\Model.php(201): CodeIgniter\Database\BaseResult->getFirstRow('App\\Models\\Category')
 6 SYSTEMPATH\BaseModel.php(557): CodeIgniter\Model->doFind(true, 1)
 7 APPPATH\Services\CategoryService.php(66): CodeIgniter\BaseModel->find(1)
 8 APPPATH\Controllers\Manager\CategoriesController.php(45): App\Services\CategoryService->getCategory(1)
 9 SYSTEMPATH\CodeIgniter.php(934): App\Controllers\Manager\CategoriesController->getCategoryInfo()
10 SYSTEMPATH\CodeIgniter.php(499): CodeIgniter\CodeIgniter->runController(Object(App\Controllers\Manager\CategoriesController))
11 SYSTEMPATH\CodeIgniter.php(368): CodeIgniter\CodeIgniter->handleRequest(null, Object(Config\Cache), false)
12 FCPATH\index.php(67): CodeIgniter\CodeIgniter->run()
CRITICAL - 2023-06-07 15:43:46 --> mysqli_result::fetch_object(): Argument #1 ($class) must be a valid class name, App\Models\Category given
in SYSTEMPATH\Database\MySQLi\Result.php on line 154.
 1 SYSTEMPATH\Database\MySQLi\Result.php(154): mysqli_result->fetch_object('App\\Models\\Category')
 2 SYSTEMPATH\Database\BaseResult.php(159): CodeIgniter\Database\MySQLi\Result->fetchObject('App\\Models\\Category')
 3 SYSTEMPATH\Database\BaseResult.php(114): CodeIgniter\Database\BaseResult->getCustomResultObject('App\\Models\\Category')
 4 SYSTEMPATH\Database\BaseResult.php(391): CodeIgniter\Database\BaseResult->getResult('App\\Models\\Category')
 5 SYSTEMPATH\Model.php(201): CodeIgniter\Database\BaseResult->getFirstRow('App\\Models\\Category')
 6 SYSTEMPATH\BaseModel.php(557): CodeIgniter\Model->doFind(true, 1)
 7 APPPATH\Services\CategoryService.php(66): CodeIgniter\BaseModel->find(1)
 8 APPPATH\Controllers\Manager\CategoriesController.php(45): App\Services\CategoryService->getCategory(1)
 9 SYSTEMPATH\CodeIgniter.php(934): App\Controllers\Manager\CategoriesController->getCategoryInfo()
10 SYSTEMPATH\CodeIgniter.php(499): CodeIgniter\CodeIgniter->runController(Object(App\Controllers\Manager\CategoriesController))
11 SYSTEMPATH\CodeIgniter.php(368): CodeIgniter\CodeIgniter->handleRequest(null, Object(Config\Cache), false)
12 FCPATH\index.php(67): CodeIgniter\CodeIgniter->run()
CRITICAL - 2023-06-07 15:46:46 --> mysqli_result::fetch_object(): Argument #1 ($class) must be a valid class name, App\Models\Category given
in SYSTEMPATH\Database\MySQLi\Result.php on line 154.
 1 SYSTEMPATH\Database\MySQLi\Result.php(154): mysqli_result->fetch_object('App\\Models\\Category')
 2 SYSTEMPATH\Database\BaseResult.php(159): CodeIgniter\Database\MySQLi\Result->fetchObject('App\\Models\\Category')
 3 SYSTEMPATH\Database\BaseResult.php(114): CodeIgniter\Database\BaseResult->getCustomResultObject('App\\Models\\Category')
 4 SYSTEMPATH\Database\BaseResult.php(391): CodeIgniter\Database\BaseResult->getResult('App\\Models\\Category')
 5 SYSTEMPATH\Model.php(201): CodeIgniter\Database\BaseResult->getFirstRow('App\\Models\\Category')
 6 SYSTEMPATH\BaseModel.php(557): CodeIgniter\Model->doFind(true, 1)
 7 APPPATH\Services\CategoryService.php(66): CodeIgniter\BaseModel->find(1)
 8 APPPATH\Controllers\Manager\CategoriesController.php(45): App\Services\CategoryService->getCategory(1)
 9 SYSTEMPATH\CodeIgniter.php(934): App\Controllers\Manager\CategoriesController->getCategoryInfo()
10 SYSTEMPATH\CodeIgniter.php(499): CodeIgniter\CodeIgniter->runController(Object(App\Controllers\Manager\CategoriesController))
11 SYSTEMPATH\CodeIgniter.php(368): CodeIgniter\CodeIgniter->handleRequest(null, Object(Config\Cache), false)
12 FCPATH\index.php(67): CodeIgniter\CodeIgniter->run()
CRITICAL - 2023-06-07 15:52:04 --> mysqli_result::fetch_object(): Argument #1 ($class) must be a valid class name, App\Models\Category given
in SYSTEMPATH\Database\MySQLi\Result.php on line 154.
 1 SYSTEMPATH\Database\MySQLi\Result.php(154): mysqli_result->fetch_object('App\\Models\\Category')
 2 SYSTEMPATH\Database\BaseResult.php(159): CodeIgniter\Database\MySQLi\Result->fetchObject('App\\Models\\Category')
 3 SYSTEMPATH\Database\BaseResult.php(114): CodeIgniter\Database\BaseResult->getCustomResultObject('App\\Models\\Category')
 4 SYSTEMPATH\Database\BaseResult.php(391): CodeIgniter\Database\BaseResult->getResult('App\\Models\\Category')
 5 SYSTEMPATH\Model.php(201): CodeIgniter\Database\BaseResult->getFirstRow('App\\Models\\Category')
 6 SYSTEMPATH\BaseModel.php(557): CodeIgniter\Model->doFind(true, 1)
 7 APPPATH\Services\CategoryService.php(66): CodeIgniter\BaseModel->find(1)
 8 APPPATH\Controllers\Manager\CategoriesController.php(45): App\Services\CategoryService->getCategory(1)
 9 SYSTEMPATH\CodeIgniter.php(934): App\Controllers\Manager\CategoriesController->getCategoryInfo()
10 SYSTEMPATH\CodeIgniter.php(499): CodeIgniter\CodeIgniter->runController(Object(App\Controllers\Manager\CategoriesController))
11 SYSTEMPATH\CodeIgniter.php(368): CodeIgniter\CodeIgniter->handleRequest(null, Object(Config\Cache), false)
12 FCPATH\index.php(67): CodeIgniter\CodeIgniter->run()
CRITICAL - 2023-06-07 15:52:27 --> mysqli_result::fetch_object(): Argument #1 ($class) must be a valid class name, App\Models\Category given
in SYSTEMPATH\Database\MySQLi\Result.php on line 154.
 1 SYSTEMPATH\Database\MySQLi\Result.php(154): mysqli_result->fetch_object('App\\Models\\Category')
 2 SYSTEMPATH\Database\BaseResult.php(159): CodeIgniter\Database\MySQLi\Result->fetchObject('App\\Models\\Category')
 3 SYSTEMPATH\Database\BaseResult.php(114): CodeIgniter\Database\BaseResult->getCustomResultObject('App\\Models\\Category')
 4 SYSTEMPATH\Database\BaseResult.php(391): CodeIgniter\Database\BaseResult->getResult('App\\Models\\Category')
 5 SYSTEMPATH\Model.php(201): CodeIgniter\Database\BaseResult->getFirstRow('App\\Models\\Category')
 6 SYSTEMPATH\BaseModel.php(557): CodeIgniter\Model->doFind(true, 1)
 7 APPPATH\Services\CategoryService.php(66): CodeIgniter\BaseModel->find(1)
 8 APPPATH\Controllers\Manager\CategoriesController.php(45): App\Services\CategoryService->getCategory(1)
 9 SYSTEMPATH\CodeIgniter.php(934): App\Controllers\Manager\CategoriesController->getCategoryInfo()
10 SYSTEMPATH\CodeIgniter.php(499): CodeIgniter\CodeIgniter->runController(Object(App\Controllers\Manager\CategoriesController))
11 SYSTEMPATH\CodeIgniter.php(368): CodeIgniter\CodeIgniter->handleRequest(null, Object(Config\Cache), false)
12 FCPATH\index.php(67): CodeIgniter\CodeIgniter->run()
CRITICAL - 2023-06-07 15:53:29 --> mysqli_result::fetch_object(): Argument #1 ($class) must be a valid class name, App\Models\Category given
in SYSTEMPATH\Database\MySQLi\Result.php on line 154.
 1 SYSTEMPATH\Database\MySQLi\Result.php(154): mysqli_result->fetch_object('App\\Models\\Category')
 2 SYSTEMPATH\Database\BaseResult.php(159): CodeIgniter\Database\MySQLi\Result->fetchObject('App\\Models\\Category')
 3 SYSTEMPATH\Database\BaseResult.php(114): CodeIgniter\Database\BaseResult->getCustomResultObject('App\\Models\\Category')
 4 SYSTEMPATH\Database\BaseResult.php(391): CodeIgniter\Database\BaseResult->getResult('App\\Models\\Category')
 5 SYSTEMPATH\Model.php(201): CodeIgniter\Database\BaseResult->getFirstRow('App\\Models\\Category')
 6 SYSTEMPATH\BaseModel.php(557): CodeIgniter\Model->doFind(true, 2)
 7 APPPATH\Services\CategoryService.php(66): CodeIgniter\BaseModel->find(2)
 8 APPPATH\Controllers\Manager\CategoriesController.php(45): App\Services\CategoryService->getCategory(2)
 9 SYSTEMPATH\CodeIgniter.php(934): App\Controllers\Manager\CategoriesController->getCategoryInfo()
10 SYSTEMPATH\CodeIgniter.php(499): CodeIgniter\CodeIgniter->runController(Object(App\Controllers\Manager\CategoriesController))
11 SYSTEMPATH\CodeIgniter.php(368): CodeIgniter\CodeIgniter->handleRequest(null, Object(Config\Cache), false)
12 FCPATH\index.php(67): CodeIgniter\CodeIgniter->run()
CRITICAL - 2023-06-07 15:57:03 --> mysqli_result::fetch_object(): Argument #1 ($class) must be a valid class name, App\Models\Category given
in SYSTEMPATH\Database\MySQLi\Result.php on line 154.
 1 SYSTEMPATH\Database\MySQLi\Result.php(154): mysqli_result->fetch_object('App\\Models\\Category')
 2 SYSTEMPATH\Database\BaseResult.php(159): CodeIgniter\Database\MySQLi\Result->fetchObject('App\\Models\\Category')
 3 SYSTEMPATH\Database\BaseResult.php(114): CodeIgniter\Database\BaseResult->getCustomResultObject('App\\Models\\Category')
 4 SYSTEMPATH\Database\BaseResult.php(391): CodeIgniter\Database\BaseResult->getResult('App\\Models\\Category')
 5 SYSTEMPATH\Model.php(201): CodeIgniter\Database\BaseResult->getFirstRow('App\\Models\\Category')
 6 SYSTEMPATH\BaseModel.php(557): CodeIgniter\Model->doFind(true, 2)
 7 APPPATH\Services\CategoryService.php(66): CodeIgniter\BaseModel->find(2)
 8 APPPATH\Controllers\Manager\CategoriesController.php(45): App\Services\CategoryService->getCategory(2)
 9 SYSTEMPATH\CodeIgniter.php(934): App\Controllers\Manager\CategoriesController->getCategoryInfo()
10 SYSTEMPATH\CodeIgniter.php(499): CodeIgniter\CodeIgniter->runController(Object(App\Controllers\Manager\CategoriesController))
11 SYSTEMPATH\CodeIgniter.php(368): CodeIgniter\CodeIgniter->handleRequest(null, Object(Config\Cache), false)
12 FCPATH\index.php(67): CodeIgniter\CodeIgniter->run()
CRITICAL - 2023-06-07 16:06:23 --> mysqli_result::fetch_object(): Argument #1 ($class) must be a valid class name, App\Models\Category given
in SYSTEMPATH\Database\MySQLi\Result.php on line 154.
 1 SYSTEMPATH\Database\MySQLi\Result.php(154): mysqli_result->fetch_object('App\\Models\\Category')
 2 SYSTEMPATH\Database\BaseResult.php(159): CodeIgniter\Database\MySQLi\Result->fetchObject('App\\Models\\Category')
 3 SYSTEMPATH\Database\BaseResult.php(114): CodeIgniter\Database\BaseResult->getCustomResultObject('App\\Models\\Category')
 4 SYSTEMPATH\Model.php(242): CodeIgniter\Database\BaseResult->getResult('App\\Models\\Category')
 5 SYSTEMPATH\BaseModel.php(618): CodeIgniter\Model->doFindAll(1, 0)
 6 APPPATH\Services\CategoryService.php(66): CodeIgniter\BaseModel->findAll(1)
 7 APPPATH\Controllers\Manager\CategoriesController.php(45): App\Services\CategoryService->getCategory(1)
 8 SYSTEMPATH\CodeIgniter.php(934): App\Controllers\Manager\CategoriesController->getCategoryInfo()
 9 SYSTEMPATH\CodeIgniter.php(499): CodeIgniter\CodeIgniter->runController(Object(App\Controllers\Manager\CategoriesController))
10 SYSTEMPATH\CodeIgniter.php(368): CodeIgniter\CodeIgniter->handleRequest(null, Object(Config\Cache), false)
11 FCPATH\index.php(67): CodeIgniter\CodeIgniter->run()
CRITICAL - 2023-06-07 16:12:20 --> mysqli_result::fetch_object(): Argument #1 ($class) must be a valid class name, App\Entities\Category given
in SYSTEMPATH\Database\MySQLi\Result.php on line 154.
 1 SYSTEMPATH\Database\MySQLi\Result.php(154): mysqli_result->fetch_object('App\\Entities\\Category')
 2 SYSTEMPATH\Database\BaseResult.php(159): CodeIgniter\Database\MySQLi\Result->fetchObject('App\\Entities\\Category')
 3 SYSTEMPATH\Database\BaseResult.php(114): CodeIgniter\Database\BaseResult->getCustomResultObject('App\\Entities\\Category')
 4 SYSTEMPATH\Database\BaseResult.php(391): CodeIgniter\Database\BaseResult->getResult('App\\Entities\\Category')
 5 SYSTEMPATH\Model.php(201): CodeIgniter\Database\BaseResult->getFirstRow('App\\Entities\\Category')
 6 SYSTEMPATH\BaseModel.php(557): CodeIgniter\Model->doFind(true, 1)
 7 APPPATH\Services\CategoryService.php(66): CodeIgniter\BaseModel->find(1)
 8 APPPATH\Controllers\Manager\CategoriesController.php(45): App\Services\CategoryService->getCategory(1)
 9 SYSTEMPATH\CodeIgniter.php(934): App\Controllers\Manager\CategoriesController->getCategoryInfo()
10 SYSTEMPATH\CodeIgniter.php(499): CodeIgniter\CodeIgniter->runController(Object(App\Controllers\Manager\CategoriesController))
11 SYSTEMPATH\CodeIgniter.php(368): CodeIgniter\CodeIgniter->handleRequest(null, Object(Config\Cache), false)
12 FCPATH\index.php(67): CodeIgniter\CodeIgniter->run()
CRITICAL - 2023-06-07 16:14:08 --> mysqli_result::fetch_object(): Argument #1 ($class) must be a valid class name, App\Entities\Category given
in SYSTEMPATH\Database\MySQLi\Result.php on line 154.
 1 SYSTEMPATH\Database\MySQLi\Result.php(154): mysqli_result->fetch_object('App\\Entities\\Category')
 2 SYSTEMPATH\Database\BaseResult.php(159): CodeIgniter\Database\MySQLi\Result->fetchObject('App\\Entities\\Category')
 3 SYSTEMPATH\Database\BaseResult.php(114): CodeIgniter\Database\BaseResult->getCustomResultObject('App\\Entities\\Category')
 4 SYSTEMPATH\Database\BaseResult.php(391): CodeIgniter\Database\BaseResult->getResult('App\\Entities\\Category')
 5 SYSTEMPATH\Model.php(201): CodeIgniter\Database\BaseResult->getFirstRow('App\\Entities\\Category')
 6 SYSTEMPATH\BaseModel.php(557): CodeIgniter\Model->doFind(true, 2)
 7 APPPATH\Services\CategoryService.php(66): CodeIgniter\BaseModel->find(2)
 8 APPPATH\Controllers\Manager\CategoriesController.php(45): App\Services\CategoryService->getCategory(2)
 9 SYSTEMPATH\CodeIgniter.php(934): App\Controllers\Manager\CategoriesController->getCategoryInfo()
10 SYSTEMPATH\CodeIgniter.php(499): CodeIgniter\CodeIgniter->runController(Object(App\Controllers\Manager\CategoriesController))
11 SYSTEMPATH\CodeIgniter.php(368): CodeIgniter\CodeIgniter->handleRequest(null, Object(Config\Cache), false)
12 FCPATH\index.php(67): CodeIgniter\CodeIgniter->run()
CRITICAL - 2023-06-07 16:16:14 --> Cannot declare class App\Models\CategoryModel because the name is already in use
in APPPATH\Models\CategoryModel.php on line 10.
 1 [internal function]: CodeIgniter\Debug\Exceptions->shutdownHandler()
CRITICAL - 2023-06-07 16:16:37 --> mysqli_result::fetch_object(): Argument #1 ($class) must be a valid class name, App\Models\Category given
in SYSTEMPATH\Database\MySQLi\Result.php on line 154.
 1 SYSTEMPATH\Database\MySQLi\Result.php(154): mysqli_result->fetch_object('App\\Models\\Category')
 2 SYSTEMPATH\Database\BaseResult.php(159): CodeIgniter\Database\MySQLi\Result->fetchObject('App\\Models\\Category')
 3 SYSTEMPATH\Database\BaseResult.php(114): CodeIgniter\Database\BaseResult->getCustomResultObject('App\\Models\\Category')
 4 SYSTEMPATH\Database\BaseResult.php(391): CodeIgniter\Database\BaseResult->getResult('App\\Models\\Category')
 5 SYSTEMPATH\Model.php(201): CodeIgniter\Database\BaseResult->getFirstRow('App\\Models\\Category')
 6 SYSTEMPATH\BaseModel.php(557): CodeIgniter\Model->doFind(true, 2)
 7 APPPATH\Services\CategoryService.php(66): CodeIgniter\BaseModel->find(2)
 8 APPPATH\Controllers\Manager\CategoriesController.php(45): App\Services\CategoryService->getCategory(2)
 9 SYSTEMPATH\CodeIgniter.php(934): App\Controllers\Manager\CategoriesController->getCategoryInfo()
10 SYSTEMPATH\CodeIgniter.php(499): CodeIgniter\CodeIgniter->runController(Object(App\Controllers\Manager\CategoriesController))
11 SYSTEMPATH\CodeIgniter.php(368): CodeIgniter\CodeIgniter->handleRequest(null, Object(Config\Cache), false)
12 FCPATH\index.php(67): CodeIgniter\CodeIgniter->run()
CRITICAL - 2023-06-07 16:18:51 --> syntax error, unexpected token "use", expecting "," or ";"
in APPPATH\Models\CategoryModel.php on line 6.
 1 SYSTEMPATH\Autoloader\Autoloader.php(289): CodeIgniter\Autoloader\Autoloader->includeFile('D:\\wamp64\\www\\anuncio\\app\\Models\\CategoryModel.php')
 2 SYSTEMPATH\Autoloader\Autoloader.php(267): CodeIgniter\Autoloader\Autoloader->loadInNamespace('App\\Models\\CategoryModel')
 3 [internal function]: CodeIgniter\Autoloader\Autoloader->loadClass('App\\Models\\CategoryModel')
 4 SYSTEMPATH\Config\Factories.php(155): class_exists('App\\Models\\CategoryModel')
 5 SYSTEMPATH\Config\Factories.php(125): CodeIgniter\Config\Factories::locateClass([...], 'App\\Models\\CategoryModel')
 6 SYSTEMPATH\Config\Factories.php(86): CodeIgniter\Config\Factories::__callStatic('models', [...])
 7 APPPATH\Services\CategoryService.php(14): CodeIgniter\Config\Factories::models('App\\Models\\CategoryModel')
 8 SYSTEMPATH\Config\Factories.php(129): App\Services\CategoryService->__construct()
 9 APPPATH\Controllers\Manager\CategoriesController.php(16): CodeIgniter\Config\Factories::__callStatic('class', [])
10 SYSTEMPATH\CodeIgniter.php(906): App\Controllers\Manager\CategoriesController->__construct()
11 SYSTEMPATH\CodeIgniter.php(490): CodeIgniter\CodeIgniter->createController()
12 SYSTEMPATH\CodeIgniter.php(368): CodeIgniter\CodeIgniter->handleRequest(null, Object(Config\Cache), false)
13 FCPATH\index.php(67): CodeIgniter\CodeIgniter->run()
CRITICAL - 2023-06-07 16:19:24 --> mysqli_result::fetch_object(): Argument #1 ($class) must be a valid class name, App\Models\Category given
in SYSTEMPATH\Database\MySQLi\Result.php on line 154.
 1 SYSTEMPATH\Database\MySQLi\Result.php(154): mysqli_result->fetch_object('App\\Models\\Category')
 2 SYSTEMPATH\Database\BaseResult.php(159): CodeIgniter\Database\MySQLi\Result->fetchObject('App\\Models\\Category')
 3 SYSTEMPATH\Database\BaseResult.php(114): CodeIgniter\Database\BaseResult->getCustomResultObject('App\\Models\\Category')
 4 SYSTEMPATH\Database\BaseResult.php(391): CodeIgniter\Database\BaseResult->getResult('App\\Models\\Category')
 5 SYSTEMPATH\Model.php(201): CodeIgniter\Database\BaseResult->getFirstRow('App\\Models\\Category')
 6 SYSTEMPATH\BaseModel.php(557): CodeIgniter\Model->doFind(true, 3)
 7 APPPATH\Services\CategoryService.php(66): CodeIgniter\BaseModel->find(3)
 8 APPPATH\Controllers\Manager\CategoriesController.php(45): App\Services\CategoryService->getCategory(3)
 9 SYSTEMPATH\CodeIgniter.php(934): App\Controllers\Manager\CategoriesController->getCategoryInfo()
10 SYSTEMPATH\CodeIgniter.php(499): CodeIgniter\CodeIgniter->runController(Object(App\Controllers\Manager\CategoriesController))
11 SYSTEMPATH\CodeIgniter.php(368): CodeIgniter\CodeIgniter->handleRequest(null, Object(Config\Cache), false)
12 FCPATH\index.php(67): CodeIgniter\CodeIgniter->run()
CRITICAL - 2023-06-07 16:20:28 --> mysqli_result::fetch_object(): Argument #1 ($class) must be a valid class name, App\Entities\Category given
in SYSTEMPATH\Database\MySQLi\Result.php on line 154.
 1 SYSTEMPATH\Database\MySQLi\Result.php(154): mysqli_result->fetch_object('App\\Entities\\Category')
 2 SYSTEMPATH\Database\BaseResult.php(159): CodeIgniter\Database\MySQLi\Result->fetchObject('App\\Entities\\Category')
 3 SYSTEMPATH\Database\BaseResult.php(114): CodeIgniter\Database\BaseResult->getCustomResultObject('App\\Entities\\Category')
 4 SYSTEMPATH\Database\BaseResult.php(391): CodeIgniter\Database\BaseResult->getResult('App\\Entities\\Category')
 5 SYSTEMPATH\Model.php(201): CodeIgniter\Database\BaseResult->getFirstRow('App\\Entities\\Category')
 6 SYSTEMPATH\BaseModel.php(557): CodeIgniter\Model->doFind(true, 2)
 7 APPPATH\Services\CategoryService.php(66): CodeIgniter\BaseModel->find(2)
 8 APPPATH\Controllers\Manager\CategoriesController.php(45): App\Services\CategoryService->getCategory(2)
 9 SYSTEMPATH\CodeIgniter.php(934): App\Controllers\Manager\CategoriesController->getCategoryInfo()
10 SYSTEMPATH\CodeIgniter.php(499): CodeIgniter\CodeIgniter->runController(Object(App\Controllers\Manager\CategoriesController))
11 SYSTEMPATH\CodeIgniter.php(368): CodeIgniter\CodeIgniter->handleRequest(null, Object(Config\Cache), false)
12 FCPATH\index.php(67): CodeIgniter\CodeIgniter->run()
CRITICAL - 2023-06-07 16:21:24 --> mysqli_result::fetch_object(): Argument #1 ($class) must be a valid class name, App\Entities\Category given
in SYSTEMPATH\Database\MySQLi\Result.php on line 154.
 1 SYSTEMPATH\Database\MySQLi\Result.php(154): mysqli_result->fetch_object('App\\Entities\\Category')
 2 SYSTEMPATH\Database\BaseResult.php(159): CodeIgniter\Database\MySQLi\Result->fetchObject('App\\Entities\\Category')
 3 SYSTEMPATH\Database\BaseResult.php(114): CodeIgniter\Database\BaseResult->getCustomResultObject('App\\Entities\\Category')
 4 SYSTEMPATH\Database\BaseResult.php(391): CodeIgniter\Database\BaseResult->getResult('App\\Entities\\Category')
 5 SYSTEMPATH\Model.php(201): CodeIgniter\Database\BaseResult->getFirstRow('App\\Entities\\Category')
 6 SYSTEMPATH\BaseModel.php(557): CodeIgniter\Model->doFind(true, 2)
 7 APPPATH\Services\CategoryService.php(67): CodeIgniter\BaseModel->find(2)
 8 APPPATH\Controllers\Manager\CategoriesController.php(45): App\Services\CategoryService->getCategory(2)
 9 SYSTEMPATH\CodeIgniter.php(934): App\Controllers\Manager\CategoriesController->getCategoryInfo()
10 SYSTEMPATH\CodeIgniter.php(499): CodeIgniter\CodeIgniter->runController(Object(App\Controllers\Manager\CategoriesController))
11 SYSTEMPATH\CodeIgniter.php(368): CodeIgniter\CodeIgniter->handleRequest(null, Object(Config\Cache), false)
12 FCPATH\index.php(67): CodeIgniter\CodeIgniter->run()
CRITICAL - 2023-06-07 16:25:35 --> mysqli_result::fetch_object(): Argument #1 ($class) must be a valid class name, App\Entities\Category given
in SYSTEMPATH\Database\MySQLi\Result.php on line 154.
 1 SYSTEMPATH\Database\MySQLi\Result.php(154): mysqli_result->fetch_object('App\\Entities\\Category')
 2 SYSTEMPATH\Database\BaseResult.php(159): CodeIgniter\Database\MySQLi\Result->fetchObject('App\\Entities\\Category')
 3 SYSTEMPATH\Database\BaseResult.php(114): CodeIgniter\Database\BaseResult->getCustomResultObject('App\\Entities\\Category')
 4 SYSTEMPATH\Database\BaseResult.php(391): CodeIgniter\Database\BaseResult->getResult('App\\Entities\\Category')
 5 SYSTEMPATH\Model.php(201): CodeIgniter\Database\BaseResult->getFirstRow('App\\Entities\\Category')
 6 SYSTEMPATH\BaseModel.php(557): CodeIgniter\Model->doFind(true, 2)
 7 APPPATH\Services\CategoryService.php(68): CodeIgniter\BaseModel->find(2)
 8 APPPATH\Controllers\Manager\CategoriesController.php(45): App\Services\CategoryService->getCategory(2)
 9 SYSTEMPATH\CodeIgniter.php(934): App\Controllers\Manager\CategoriesController->getCategoryInfo()
10 SYSTEMPATH\CodeIgniter.php(499): CodeIgniter\CodeIgniter->runController(Object(App\Controllers\Manager\CategoriesController))
11 SYSTEMPATH\CodeIgniter.php(368): CodeIgniter\CodeIgniter->handleRequest(null, Object(Config\Cache), false)
12 FCPATH\index.php(67): CodeIgniter\CodeIgniter->run()
CRITICAL - 2023-06-07 16:29:41 --> mysqli_result::fetch_object(): Argument #1 ($class) must be a valid class name, App\Models\Category given
in SYSTEMPATH\Database\MySQLi\Result.php on line 154.
 1 SYSTEMPATH\Database\MySQLi\Result.php(154): mysqli_result->fetch_object('App\\Models\\Category')
 2 SYSTEMPATH\Database\BaseResult.php(159): CodeIgniter\Database\MySQLi\Result->fetchObject('App\\Models\\Category')
 3 SYSTEMPATH\Database\BaseResult.php(114): CodeIgniter\Database\BaseResult->getCustomResultObject('App\\Models\\Category')
 4 SYSTEMPATH\Database\BaseResult.php(391): CodeIgniter\Database\BaseResult->getResult('App\\Models\\Category')
 5 SYSTEMPATH\Model.php(201): CodeIgniter\Database\BaseResult->getFirstRow('App\\Models\\Category')
 6 SYSTEMPATH\BaseModel.php(557): CodeIgniter\Model->doFind(true, 2)
 7 APPPATH\Services\CategoryService.php(68): CodeIgniter\BaseModel->find(2)
 8 APPPATH\Controllers\Manager\CategoriesController.php(45): App\Services\CategoryService->getCategory(2)
 9 SYSTEMPATH\CodeIgniter.php(934): App\Controllers\Manager\CategoriesController->getCategoryInfo()
10 SYSTEMPATH\CodeIgniter.php(499): CodeIgniter\CodeIgniter->runController(Object(App\Controllers\Manager\CategoriesController))
11 SYSTEMPATH\CodeIgniter.php(368): CodeIgniter\CodeIgniter->handleRequest(null, Object(Config\Cache), false)
12 FCPATH\index.php(67): CodeIgniter\CodeIgniter->run()
CRITICAL - 2023-06-07 16:30:25 --> mysqli_result::fetch_object(): Argument #1 ($class) must be a valid class name, App\Models\Category given
in SYSTEMPATH\Database\MySQLi\Result.php on line 154.
 1 SYSTEMPATH\Database\MySQLi\Result.php(154): mysqli_result->fetch_object('App\\Models\\Category')
 2 SYSTEMPATH\Database\BaseResult.php(159): CodeIgniter\Database\MySQLi\Result->fetchObject('App\\Models\\Category')
 3 SYSTEMPATH\Database\BaseResult.php(114): CodeIgniter\Database\BaseResult->getCustomResultObject('App\\Models\\Category')
 4 SYSTEMPATH\Database\BaseResult.php(391): CodeIgniter\Database\BaseResult->getResult('App\\Models\\Category')
 5 SYSTEMPATH\Model.php(201): CodeIgniter\Database\BaseResult->getFirstRow('App\\Models\\Category')
 6 SYSTEMPATH\BaseModel.php(557): CodeIgniter\Model->doFind(true, 2)
 7 APPPATH\Services\CategoryService.php(68): CodeIgniter\BaseModel->find(2)
 8 APPPATH\Controllers\Manager\CategoriesController.php(45): App\Services\CategoryService->getCategory(2)
 9 SYSTEMPATH\CodeIgniter.php(934): App\Controllers\Manager\CategoriesController->getCategoryInfo()
10 SYSTEMPATH\CodeIgniter.php(499): CodeIgniter\CodeIgniter->runController(Object(App\Controllers\Manager\CategoriesController))
11 SYSTEMPATH\CodeIgniter.php(368): CodeIgniter\CodeIgniter->handleRequest(null, Object(Config\Cache), false)
12 FCPATH\index.php(67): CodeIgniter\CodeIgniter->run()
CRITICAL - 2023-06-07 16:31:27 --> mysqli_result::fetch_object(): Argument #1 ($class) must be a valid class name, App\Entities\Category given
in SYSTEMPATH\Database\MySQLi\Result.php on line 154.
 1 SYSTEMPATH\Database\MySQLi\Result.php(154): mysqli_result->fetch_object('App\\Entities\\Category')
 2 SYSTEMPATH\Database\BaseResult.php(159): CodeIgniter\Database\MySQLi\Result->fetchObject('App\\Entities\\Category')
 3 SYSTEMPATH\Database\BaseResult.php(114): CodeIgniter\Database\BaseResult->getCustomResultObject('App\\Entities\\Category')
 4 SYSTEMPATH\Database\BaseResult.php(391): CodeIgniter\Database\BaseResult->getResult('App\\Entities\\Category')
 5 SYSTEMPATH\Model.php(201): CodeIgniter\Database\BaseResult->getFirstRow('App\\Entities\\Category')
 6 SYSTEMPATH\BaseModel.php(557): CodeIgniter\Model->doFind(true, 2)
 7 APPPATH\Services\CategoryService.php(68): CodeIgniter\BaseModel->find(2)
 8 APPPATH\Controllers\Manager\CategoriesController.php(45): App\Services\CategoryService->getCategory(2)
 9 SYSTEMPATH\CodeIgniter.php(934): App\Controllers\Manager\CategoriesController->getCategoryInfo()
10 SYSTEMPATH\CodeIgniter.php(499): CodeIgniter\CodeIgniter->runController(Object(App\Controllers\Manager\CategoriesController))
11 SYSTEMPATH\CodeIgniter.php(368): CodeIgniter\CodeIgniter->handleRequest(null, Object(Config\Cache), false)
12 FCPATH\index.php(67): CodeIgniter\CodeIgniter->run()
CRITICAL - 2023-06-07 16:32:59 --> mysqli_result::fetch_object(): Argument #1 ($class) must be a valid class name, App\Entities\Category given
in SYSTEMPATH\Database\MySQLi\Result.php on line 154.
 1 SYSTEMPATH\Database\MySQLi\Result.php(154): mysqli_result->fetch_object('App\\Entities\\Category')
 2 SYSTEMPATH\Database\BaseResult.php(159): CodeIgniter\Database\MySQLi\Result->fetchObject('App\\Entities\\Category')
 3 SYSTEMPATH\Database\BaseResult.php(114): CodeIgniter\Database\BaseResult->getCustomResultObject('App\\Entities\\Category')
 4 SYSTEMPATH\Database\BaseResult.php(391): CodeIgniter\Database\BaseResult->getResult('App\\Entities\\Category')
 5 SYSTEMPATH\Model.php(201): CodeIgniter\Database\BaseResult->getFirstRow('App\\Entities\\Category')
 6 SYSTEMPATH\BaseModel.php(557): CodeIgniter\Model->doFind(true, 2)
 7 APPPATH\Services\CategoryService.php(66): CodeIgniter\BaseModel->find(2)
 8 APPPATH\Controllers\Manager\CategoriesController.php(45): App\Services\CategoryService->getCategory(2)
 9 SYSTEMPATH\CodeIgniter.php(934): App\Controllers\Manager\CategoriesController->getCategoryInfo()
10 SYSTEMPATH\CodeIgniter.php(499): CodeIgniter\CodeIgniter->runController(Object(App\Controllers\Manager\CategoriesController))
11 SYSTEMPATH\CodeIgniter.php(368): CodeIgniter\CodeIgniter->handleRequest(null, Object(Config\Cache), false)
12 FCPATH\index.php(67): CodeIgniter\CodeIgniter->run()
CRITICAL - 2023-06-07 16:33:18 --> mysqli_result::fetch_object(): Argument #1 ($class) must be a valid class name, App\Entities\Category given
in SYSTEMPATH\Database\MySQLi\Result.php on line 154.
 1 SYSTEMPATH\Database\MySQLi\Result.php(154): mysqli_result->fetch_object('App\\Entities\\Category')
 2 SYSTEMPATH\Database\BaseResult.php(159): CodeIgniter\Database\MySQLi\Result->fetchObject('App\\Entities\\Category')
 3 SYSTEMPATH\Database\BaseResult.php(114): CodeIgniter\Database\BaseResult->getCustomResultObject('App\\Entities\\Category')
 4 SYSTEMPATH\Database\BaseResult.php(391): CodeIgniter\Database\BaseResult->getResult('App\\Entities\\Category')
 5 SYSTEMPATH\Model.php(201): CodeIgniter\Database\BaseResult->getFirstRow('App\\Entities\\Category')
 6 SYSTEMPATH\BaseModel.php(557): CodeIgniter\Model->doFind(true, 2)
 7 APPPATH\Services\CategoryService.php(68): CodeIgniter\BaseModel->find(2)
 8 APPPATH\Controllers\Manager\CategoriesController.php(45): App\Services\CategoryService->getCategory(2)
 9 SYSTEMPATH\CodeIgniter.php(934): App\Controllers\Manager\CategoriesController->getCategoryInfo()
10 SYSTEMPATH\CodeIgniter.php(499): CodeIgniter\CodeIgniter->runController(Object(App\Controllers\Manager\CategoriesController))
11 SYSTEMPATH\CodeIgniter.php(368): CodeIgniter\CodeIgniter->handleRequest(null, Object(Config\Cache), false)
12 FCPATH\index.php(67): CodeIgniter\CodeIgniter->run()
CRITICAL - 2023-06-07 16:34:12 --> mysqli_result::fetch_object(): Argument #1 ($class) must be a valid class name, App\Entities\Category given
in SYSTEMPATH\Database\MySQLi\Result.php on line 154.
 1 SYSTEMPATH\Database\MySQLi\Result.php(154): mysqli_result->fetch_object('App\\Entities\\Category')
 2 SYSTEMPATH\Database\BaseResult.php(159): CodeIgniter\Database\MySQLi\Result->fetchObject('App\\Entities\\Category')
 3 SYSTEMPATH\Database\BaseResult.php(114): CodeIgniter\Database\BaseResult->getCustomResultObject('App\\Entities\\Category')
 4 SYSTEMPATH\Database\BaseResult.php(391): CodeIgniter\Database\BaseResult->getResult('App\\Entities\\Category')
 5 SYSTEMPATH\Model.php(201): CodeIgniter\Database\BaseResult->getFirstRow('App\\Entities\\Category')
 6 SYSTEMPATH\BaseModel.php(557): CodeIgniter\Model->doFind(true, 2)
 7 APPPATH\Services\CategoryService.php(68): CodeIgniter\BaseModel->find(2)
 8 APPPATH\Controllers\Manager\CategoriesController.php(45): App\Services\CategoryService->getCategory(2)
 9 SYSTEMPATH\CodeIgniter.php(934): App\Controllers\Manager\CategoriesController->getCategoryInfo()
10 SYSTEMPATH\CodeIgniter.php(499): CodeIgniter\CodeIgniter->runController(Object(App\Controllers\Manager\CategoriesController))
11 SYSTEMPATH\CodeIgniter.php(368): CodeIgniter\CodeIgniter->handleRequest(null, Object(Config\Cache), false)
12 FCPATH\index.php(67): CodeIgniter\CodeIgniter->run()
CRITICAL - 2023-06-07 16:35:40 --> mysqli_result::fetch_object(): Argument #1 ($class) must be a valid class name, App\Entities\Category given
in SYSTEMPATH\Database\MySQLi\Result.php on line 154.
 1 SYSTEMPATH\Database\MySQLi\Result.php(154): mysqli_result->fetch_object('App\\Entities\\Category')
 2 SYSTEMPATH\Database\BaseResult.php(159): CodeIgniter\Database\MySQLi\Result->fetchObject('App\\Entities\\Category')
 3 SYSTEMPATH\Database\BaseResult.php(114): CodeIgniter\Database\BaseResult->getCustomResultObject('App\\Entities\\Category')
 4 SYSTEMPATH\Database\BaseResult.php(391): CodeIgniter\Database\BaseResult->getResult('App\\Entities\\Category')
 5 SYSTEMPATH\Model.php(201): CodeIgniter\Database\BaseResult->getFirstRow('App\\Entities\\Category')
 6 SYSTEMPATH\BaseModel.php(557): CodeIgniter\Model->doFind(true, 2)
 7 APPPATH\Services\CategoryService.php(68): CodeIgniter\BaseModel->find(2)
 8 APPPATH\Controllers\Manager\CategoriesController.php(43): App\Services\CategoryService->getCategory(2)
 9 SYSTEMPATH\CodeIgniter.php(934): App\Controllers\Manager\CategoriesController->getCategoryInfo()
10 SYSTEMPATH\CodeIgniter.php(499): CodeIgniter\CodeIgniter->runController(Object(App\Controllers\Manager\CategoriesController))
11 SYSTEMPATH\CodeIgniter.php(368): CodeIgniter\CodeIgniter->handleRequest(null, Object(Config\Cache), false)
12 FCPATH\index.php(67): CodeIgniter\CodeIgniter->run()
