CRITICAL - 2023-06-05 17:36:00 --> The framework needs the following extension(s) installed and loaded: intl, mbstring.
in SYSTEMPATH\CodeIgniter.php on line 226.
 1 SYSTEMPATH\CodeIgniter.php(226): CodeIgniter\Exceptions\FrameworkException::forMissingExtension('intl, mbstring')
 2 SYSTEMPATH\CodeIgniter.php(190): CodeIgniter\CodeIgniter->resolvePlatformExtensions()
 3 FCPATH\index.php(55): CodeIgniter\CodeIgniter->initialize()
CRITICAL - 2023-06-05 17:36:08 --> The framework needs the following extension(s) installed and loaded: intl, mbstring.
in SYSTEMPATH\CodeIgniter.php on line 226.
 1 SYSTEMPATH\CodeIgniter.php(226): CodeIgniter\Exceptions\FrameworkException::forMissingExtension('intl, mbstring')
 2 SYSTEMPATH\CodeIgniter.php(190): CodeIgniter\CodeIgniter->resolvePlatformExtensions()
 3 FCPATH\index.php(55): CodeIgniter\CodeIgniter->initialize()
CRITICAL - 2023-06-05 18:27:12 --> Call to undefined function php_info()
in APPPATH\Views\welcome_message.php on line 203.
 1 SYSTEMPATH\View\View.php(213): include()
 2 SYSTEMPATH\View\View.php(216): CodeIgniter\View\View->CodeIgniter\View\{closure}()
 3 SYSTEMPATH\Common.php(1184): CodeIgniter\View\View->render('welcome_message', [], true)
 4 APPPATH\Controllers\Home.php(9): view('welcome_message')
 5 SYSTEMPATH\CodeIgniter.php(934): App\Controllers\Home->index()
 6 SYSTEMPATH\CodeIgniter.php(499): CodeIgniter\CodeIgniter->runController(Object(App\Controllers\Home))
 7 SYSTEMPATH\CodeIgniter.php(368): CodeIgniter\CodeIgniter->handleRequest(null, Object(Config\Cache), false)
 8 FCPATH\index.php(67): CodeIgniter\CodeIgniter->run()
ERROR - 2023-06-05 18:41:52 --> Error connecting to the database: mysqli_sql_exception: Access denied for user 'anuncios'@'localhost' (using password: YES) in D:\wamp64\www\anuncio\system\Database\MySQLi\Connection.php:174
Stack trace:
#0 D:\wamp64\www\anuncio\system\Database\MySQLi\Connection.php(174): mysqli->real_connect('localhost', 'anuncios', 'GEGE1612gege?w', 'anuncios', 3306, '', 0)
#1 D:\wamp64\www\anuncio\system\Database\BaseConnection.php(391): CodeIgniter\Database\MySQLi\Connection->connect(false)
#2 D:\wamp64\www\anuncio\system\Database\BaseConnection.php(574): CodeIgniter\Database\BaseConnection->initialize()
#3 D:\wamp64\www\anuncio\system\Database\BaseConnection.php(1409): CodeIgniter\Database\BaseConnection->query('SHOW TABLES FRO...')
#4 D:\wamp64\www\anuncio\system\Database\BaseConnection.php(1428): CodeIgniter\Database\BaseConnection->listTables()
#5 D:\wamp64\www\anuncio\system\Database\MigrationRunner.php(768): CodeIgniter\Database\BaseConnection->tableExists('migrations')
#6 D:\wamp64\www\anuncio\system\Database\MigrationRunner.php(168): CodeIgniter\Database\MigrationRunner->ensureTable()
#7 D:\wamp64\www\anuncio\system\Commands\Database\Migrate.php(84): CodeIgniter\Database\MigrationRunner->latest(NULL)
#8 D:\wamp64\www\anuncio\system\CLI\Commands.php(65): CodeIgniter\Commands\Database\Migrate->run(Array)
#9 D:\wamp64\www\anuncio\system\CLI\Console.php(37): CodeIgniter\CLI\Commands->run('migrate', Array)
#10 D:\wamp64\www\anuncio\spark(97): CodeIgniter\CLI\Console->run()
#11 {main}

Next CodeIgniter\Database\Exceptions\DatabaseException: Access denied for user '****'@'localhost' (using password: YES) in D:\wamp64\www\anuncio\system\Database\MySQLi\Connection.php:218
Stack trace:
#0 D:\wamp64\www\anuncio\system\Database\BaseConnection.php(391): CodeIgniter\Database\MySQLi\Connection->connect(false)
#1 D:\wamp64\www\anuncio\system\Database\BaseConnection.php(574): CodeIgniter\Database\BaseConnection->initialize()
#2 D:\wamp64\www\anuncio\system\Database\BaseConnection.php(1409): CodeIgniter\Database\BaseConnection->query('SHOW TABLES FRO...')
#3 D:\wamp64\www\anuncio\system\Database\BaseConnection.php(1428): CodeIgniter\Database\BaseConnection->listTables()
#4 D:\wamp64\www\anuncio\system\Database\MigrationRunner.php(768): CodeIgniter\Database\BaseConnection->tableExists('migrations')
#5 D:\wamp64\www\anuncio\system\Database\MigrationRunner.php(168): CodeIgniter\Database\MigrationRunner->ensureTable()
#6 D:\wamp64\www\anuncio\system\Commands\Database\Migrate.php(84): CodeIgniter\Database\MigrationRunner->latest(NULL)
#7 D:\wamp64\www\anuncio\system\CLI\Commands.php(65): CodeIgniter\Commands\Database\Migrate->run(Array)
#8 D:\wamp64\www\anuncio\system\CLI\Console.php(37): CodeIgniter\CLI\Commands->run('migrate', Array)
#9 D:\wamp64\www\anuncio\spark(97): CodeIgniter\CLI\Console->run()
#10 {main}
ERROR - 2023-06-05 18:42:42 --> Error connecting to the database: mysqli_sql_exception: Access denied for user 'anuncios'@'167.250.82.197' (using password: YES) in D:\wamp64\www\anuncio\system\Database\MySQLi\Connection.php:174
Stack trace:
#0 D:\wamp64\www\anuncio\system\Database\MySQLi\Connection.php(174): mysqli->real_connect('172.106.0.121', 'anuncios', 'GEGE1612gege?w', 'anuncios', 3306, '', 0)
#1 D:\wamp64\www\anuncio\system\Database\BaseConnection.php(391): CodeIgniter\Database\MySQLi\Connection->connect(false)
#2 D:\wamp64\www\anuncio\system\Database\BaseConnection.php(574): CodeIgniter\Database\BaseConnection->initialize()
#3 D:\wamp64\www\anuncio\system\Database\BaseConnection.php(1409): CodeIgniter\Database\BaseConnection->query('SHOW TABLES FRO...')
#4 D:\wamp64\www\anuncio\system\Database\BaseConnection.php(1428): CodeIgniter\Database\BaseConnection->listTables()
#5 D:\wamp64\www\anuncio\system\Database\MigrationRunner.php(768): CodeIgniter\Database\BaseConnection->tableExists('migrations')
#6 D:\wamp64\www\anuncio\system\Database\MigrationRunner.php(168): CodeIgniter\Database\MigrationRunner->ensureTable()
#7 D:\wamp64\www\anuncio\system\Commands\Database\Migrate.php(84): CodeIgniter\Database\MigrationRunner->latest(NULL)
#8 D:\wamp64\www\anuncio\system\CLI\Commands.php(65): CodeIgniter\Commands\Database\Migrate->run(Array)
#9 D:\wamp64\www\anuncio\system\CLI\Console.php(37): CodeIgniter\CLI\Commands->run('migrate', Array)
#10 D:\wamp64\www\anuncio\spark(97): CodeIgniter\CLI\Console->run()
#11 {main}

Next CodeIgniter\Database\Exceptions\DatabaseException: Access denied for user '****'@'167.250.82.197' (using password: YES) in D:\wamp64\www\anuncio\system\Database\MySQLi\Connection.php:218
Stack trace:
#0 D:\wamp64\www\anuncio\system\Database\BaseConnection.php(391): CodeIgniter\Database\MySQLi\Connection->connect(false)
#1 D:\wamp64\www\anuncio\system\Database\BaseConnection.php(574): CodeIgniter\Database\BaseConnection->initialize()
#2 D:\wamp64\www\anuncio\system\Database\BaseConnection.php(1409): CodeIgniter\Database\BaseConnection->query('SHOW TABLES FRO...')
#3 D:\wamp64\www\anuncio\system\Database\BaseConnection.php(1428): CodeIgniter\Database\BaseConnection->listTables()
#4 D:\wamp64\www\anuncio\system\Database\MigrationRunner.php(768): CodeIgniter\Database\BaseConnection->tableExists('migrations')
#5 D:\wamp64\www\anuncio\system\Database\MigrationRunner.php(168): CodeIgniter\Database\MigrationRunner->ensureTable()
#6 D:\wamp64\www\anuncio\system\Commands\Database\Migrate.php(84): CodeIgniter\Database\MigrationRunner->latest(NULL)
#7 D:\wamp64\www\anuncio\system\CLI\Commands.php(65): CodeIgniter\Commands\Database\Migrate->run(Array)
#8 D:\wamp64\www\anuncio\system\CLI\Console.php(37): CodeIgniter\CLI\Commands->run('migrate', Array)
#9 D:\wamp64\www\anuncio\spark(97): CodeIgniter\CLI\Console->run()
#10 {main}
CRITICAL - 2023-06-05 19:42:39 --> Invalid file: "Manager/style/main.php"
in SYSTEMPATH\Exceptions\FrameworkException.php on line 33.
 1 SYSTEMPATH\View\View.php(201): CodeIgniter\Exceptions\FrameworkException::forInvalidFile('Manager/style/main.php')
 2 SYSTEMPATH\Common.php(1184): CodeIgniter\View\View->render('Manager/style/main', [], true)
 3 APPPATH\Controllers\Manager\ManagerController.php(11): view('Manager/style/main')
 4 SYSTEMPATH\CodeIgniter.php(934): App\Controllers\MAnager\ManagerController->index()
 5 SYSTEMPATH\CodeIgniter.php(499): CodeIgniter\CodeIgniter->runController(Object(App\Controllers\MAnager\ManagerController))
 6 SYSTEMPATH\CodeIgniter.php(368): CodeIgniter\CodeIgniter->handleRequest(null, Object(Config\Cache), false)
 7 FCPATH\index.php(67): CodeIgniter\CodeIgniter->run()
CRITICAL - 2023-06-05 19:43:09 --> Call to undefined function csrf_rash()
in APPPATH\Views\Manager\layout\main.php on line 8.
 1 SYSTEMPATH\View\View.php(213): include()
 2 SYSTEMPATH\View\View.php(216): CodeIgniter\View\View->CodeIgniter\View\{closure}()
 3 SYSTEMPATH\Common.php(1184): CodeIgniter\View\View->render('Manager/layout/main', [], true)
 4 APPPATH\Controllers\Manager\ManagerController.php(11): view('Manager/layout/main')
 5 SYSTEMPATH\CodeIgniter.php(934): App\Controllers\MAnager\ManagerController->index()
 6 SYSTEMPATH\CodeIgniter.php(499): CodeIgniter\CodeIgniter->runController(Object(App\Controllers\MAnager\ManagerController))
 7 SYSTEMPATH\CodeIgniter.php(368): CodeIgniter\CodeIgniter->handleRequest(null, Object(Config\Cache), false)
 8 FCPATH\index.php(67): CodeIgniter\CodeIgniter->run()
CRITICAL - 2023-06-05 19:44:56 --> Invalid file: "layout/main.php"
in SYSTEMPATH\Exceptions\FrameworkException.php on line 33.
 1 SYSTEMPATH\View\View.php(201): CodeIgniter\Exceptions\FrameworkException::forInvalidFile('layout/main.php')
 2 SYSTEMPATH\View\View.php(229): CodeIgniter\View\View->render('layout/main', [], true)
 3 SYSTEMPATH\Common.php(1184): CodeIgniter\View\View->render('Manager/Home/index', [], true)
 4 APPPATH\Controllers\Manager\ManagerController.php(11): view('Manager/Home/index')
 5 SYSTEMPATH\CodeIgniter.php(934): App\Controllers\MAnager\ManagerController->index()
 6 SYSTEMPATH\CodeIgniter.php(499): CodeIgniter\CodeIgniter->runController(Object(App\Controllers\MAnager\ManagerController))
 7 SYSTEMPATH\CodeIgniter.php(368): CodeIgniter\CodeIgniter->handleRequest(null, Object(Config\Cache), false)
 8 FCPATH\index.php(67): CodeIgniter\CodeIgniter->run()
CRITICAL - 2023-06-05 19:45:27 --> Call to undefined function csrf_rash()
in APPPATH\Views\Manager\layout\main.php on line 8.
 1 SYSTEMPATH\View\View.php(213): include()
 2 SYSTEMPATH\View\View.php(216): CodeIgniter\View\View->CodeIgniter\View\{closure}()
 3 SYSTEMPATH\View\View.php(229): CodeIgniter\View\View->render('Manager/layout/main', [], true)
 4 SYSTEMPATH\Common.php(1184): CodeIgniter\View\View->render('Manager/Home/index', [], true)
 5 APPPATH\Controllers\Manager\ManagerController.php(11): view('Manager/Home/index')
 6 SYSTEMPATH\CodeIgniter.php(934): App\Controllers\MAnager\ManagerController->index()
 7 SYSTEMPATH\CodeIgniter.php(499): CodeIgniter\CodeIgniter->runController(Object(App\Controllers\MAnager\ManagerController))
 8 SYSTEMPATH\CodeIgniter.php(368): CodeIgniter\CodeIgniter->handleRequest(null, Object(Config\Cache), false)
 9 FCPATH\index.php(67): CodeIgniter\CodeIgniter->run()
CRITICAL - 2023-06-05 19:48:03 --> Call to undefined method CodeIgniter\View\View::sections()
in APPPATH\Views\Manager\Home\index.php on line 3.
 1 SYSTEMPATH\View\View.php(213): include()
 2 SYSTEMPATH\View\View.php(216): CodeIgniter\View\View->CodeIgniter\View\{closure}()
 3 SYSTEMPATH\Common.php(1184): CodeIgniter\View\View->render('Manager/Home/index', [], true)
 4 APPPATH\Controllers\Manager\ManagerController.php(11): view('Manager/Home/index')
 5 SYSTEMPATH\CodeIgniter.php(934): App\Controllers\MAnager\ManagerController->index()
 6 SYSTEMPATH\CodeIgniter.php(499): CodeIgniter\CodeIgniter->runController(Object(App\Controllers\MAnager\ManagerController))
 7 SYSTEMPATH\CodeIgniter.php(368): CodeIgniter\CodeIgniter->handleRequest(null, Object(Config\Cache), false)
 8 FCPATH\index.php(67): CodeIgniter\CodeIgniter->run()
ERROR - 2023-06-05 21:12:12 --> Error connecting to the database: mysqli_sql_exception: Access denied for user 'anuncioss'@'167.250.82.197' (using password: YES) in D:\wamp64\www\anuncio\system\Database\MySQLi\Connection.php:174
Stack trace:
#0 D:\wamp64\www\anuncio\system\Database\MySQLi\Connection.php(174): mysqli->real_connect('172.106.0.121', 'anuncioss', 'GEGE1612gege?', 'anuncios', 3306, '', 0)
#1 D:\wamp64\www\anuncio\system\Database\BaseConnection.php(391): CodeIgniter\Database\MySQLi\Connection->connect(false)
#2 D:\wamp64\www\anuncio\system\Database\BaseConnection.php(574): CodeIgniter\Database\BaseConnection->initialize()
#3 D:\wamp64\www\anuncio\system\Database\BaseConnection.php(1409): CodeIgniter\Database\BaseConnection->query('SHOW TABLES FRO...')
#4 D:\wamp64\www\anuncio\system\Database\BaseConnection.php(1428): CodeIgniter\Database\BaseConnection->listTables()
#5 D:\wamp64\www\anuncio\system\Database\MigrationRunner.php(768): CodeIgniter\Database\BaseConnection->tableExists('migrations')
#6 D:\wamp64\www\anuncio\system\Database\MigrationRunner.php(648): CodeIgniter\Database\MigrationRunner->ensureTable()
#7 D:\wamp64\www\anuncio\system\Commands\Database\MigrateStatus.php(112): CodeIgniter\Database\MigrationRunner->getHistory('')
#8 D:\wamp64\www\anuncio\system\CLI\Commands.php(65): CodeIgniter\Commands\Database\MigrateStatus->run(Array)
#9 D:\wamp64\www\anuncio\system\CLI\Console.php(37): CodeIgniter\CLI\Commands->run('migrate:status', Array)
#10 D:\wamp64\www\anuncio\spark(97): CodeIgniter\CLI\Console->run()
#11 {main}

Next CodeIgniter\Database\Exceptions\DatabaseException: Access denied for user '****'@'167.250.82.197' (using password: YES) in D:\wamp64\www\anuncio\system\Database\MySQLi\Connection.php:218
Stack trace:
#0 D:\wamp64\www\anuncio\system\Database\BaseConnection.php(391): CodeIgniter\Database\MySQLi\Connection->connect(false)
#1 D:\wamp64\www\anuncio\system\Database\BaseConnection.php(574): CodeIgniter\Database\BaseConnection->initialize()
#2 D:\wamp64\www\anuncio\system\Database\BaseConnection.php(1409): CodeIgniter\Database\BaseConnection->query('SHOW TABLES FRO...')
#3 D:\wamp64\www\anuncio\system\Database\BaseConnection.php(1428): CodeIgniter\Database\BaseConnection->listTables()
#4 D:\wamp64\www\anuncio\system\Database\MigrationRunner.php(768): CodeIgniter\Database\BaseConnection->tableExists('migrations')
#5 D:\wamp64\www\anuncio\system\Database\MigrationRunner.php(648): CodeIgniter\Database\MigrationRunner->ensureTable()
#6 D:\wamp64\www\anuncio\system\Commands\Database\MigrateStatus.php(112): CodeIgniter\Database\MigrationRunner->getHistory('')
#7 D:\wamp64\www\anuncio\system\CLI\Commands.php(65): CodeIgniter\Commands\Database\MigrateStatus->run(Array)
#8 D:\wamp64\www\anuncio\system\CLI\Console.php(37): CodeIgniter\CLI\Commands->run('migrate:status', Array)
#9 D:\wamp64\www\anuncio\spark(97): CodeIgniter\CLI\Console->run()
#10 {main}
CRITICAL - 2023-06-05 21:12:12 --> Unable to connect to the database.
Main connection [MySQLi]: Access denied for user '****'@'167.250.82.197' (using password: YES)
in SYSTEMPATH\Database\BaseConnection.php on line 427.
 1 SYSTEMPATH\Database\BaseConnection.php(574): CodeIgniter\Database\BaseConnection->initialize()
 2 SYSTEMPATH\Database\BaseConnection.php(1409): CodeIgniter\Database\BaseConnection->query('SHOW TABLES FROM `anuncios`')
 3 SYSTEMPATH\Database\BaseConnection.php(1428): CodeIgniter\Database\BaseConnection->listTables()
 4 SYSTEMPATH\Database\MigrationRunner.php(768): CodeIgniter\Database\BaseConnection->tableExists('migrations')
 5 SYSTEMPATH\Database\MigrationRunner.php(648): CodeIgniter\Database\MigrationRunner->ensureTable()
 6 SYSTEMPATH\Commands\Database\MigrateStatus.php(112): CodeIgniter\Database\MigrationRunner->getHistory('')
 7 SYSTEMPATH\CLI\Commands.php(65): CodeIgniter\Commands\Database\MigrateStatus->run([])
 8 SYSTEMPATH\CLI\Console.php(37): CodeIgniter\CLI\Commands->run('migrate:status', [])
 9 ROOTPATH\spark(97): CodeIgniter\CLI\Console->run()
ERROR - 2023-06-05 21:18:46 --> mysqli_sql_exception: Unknown table 'anuncios.categories' in D:\wamp64\www\anuncio\system\Database\MySQLi\Connection.php:295
Stack trace:
#0 D:\wamp64\www\anuncio\system\Database\MySQLi\Connection.php(295): mysqli->query('DROP TABLE `cat...', 0)
#1 D:\wamp64\www\anuncio\system\Database\BaseConnection.php(692): CodeIgniter\Database\MySQLi\Connection->execute('DROP TABLE `cat...')
#2 D:\wamp64\www\anuncio\system\Database\BaseConnection.php(606): CodeIgniter\Database\BaseConnection->simpleQuery('DROP TABLE `cat...')
#3 D:\wamp64\www\anuncio\system\Database\Forge.php(637): CodeIgniter\Database\BaseConnection->query('DROP TABLE `cat...')
#4 D:\wamp64\www\anuncio\app\Database\Migrations\2023-06-05-200846_CreateTableCategories.php(62): CodeIgniter\Database\Forge->dropTable('categories')
#5 D:\wamp64\www\anuncio\system\Database\MigrationRunner.php(877): App\Database\Migrations\CreateTableCategories->down()
#6 D:\wamp64\www\anuncio\system\Database\MigrationRunner.php(299): CodeIgniter\Database\MigrationRunner->migrate('down', Object(stdClass))
#7 D:\wamp64\www\anuncio\system\Commands\Database\MigrateRollback.php(92): CodeIgniter\Database\MigrationRunner->regress(0)
#8 D:\wamp64\www\anuncio\system\CLI\Commands.php(65): CodeIgniter\Commands\Database\MigrateRollback->run(Array)
#9 D:\wamp64\www\anuncio\system\CLI\BaseCommand.php(114): CodeIgniter\CLI\Commands->run('migrate:rollbac...', Array)
#10 D:\wamp64\www\anuncio\system\Commands\Database\MigrateRefresh.php(84): CodeIgniter\CLI\BaseCommand->call('migrate:rollbac...', Array)
#11 D:\wamp64\www\anuncio\system\CLI\Commands.php(65): CodeIgniter\Commands\Database\MigrateRefresh->run(Array)
#12 D:\wamp64\www\anuncio\system\CLI\Console.php(37): CodeIgniter\CLI\Commands->run('migrate:refresh', Array)
#13 D:\wamp64\www\anuncio\spark(97): CodeIgniter\CLI\Console->run()
#14 {main}
ERROR - 2023-06-05 21:19:52 --> mysqli_sql_exception: Unknown table 'anuncios.categories' in D:\wamp64\www\anuncio\system\Database\MySQLi\Connection.php:295
Stack trace:
#0 D:\wamp64\www\anuncio\system\Database\MySQLi\Connection.php(295): mysqli->query('DROP TABLE `cat...', 0)
#1 D:\wamp64\www\anuncio\system\Database\BaseConnection.php(692): CodeIgniter\Database\MySQLi\Connection->execute('DROP TABLE `cat...')
#2 D:\wamp64\www\anuncio\system\Database\BaseConnection.php(606): CodeIgniter\Database\BaseConnection->simpleQuery('DROP TABLE `cat...')
#3 D:\wamp64\www\anuncio\system\Database\Forge.php(637): CodeIgniter\Database\BaseConnection->query('DROP TABLE `cat...')
#4 D:\wamp64\www\anuncio\app\Database\Migrations\2023-06-05-200846_CreateTableCategories.php(62): CodeIgniter\Database\Forge->dropTable('categories')
#5 D:\wamp64\www\anuncio\system\Database\MigrationRunner.php(877): App\Database\Migrations\CreateTableCategories->down()
#6 D:\wamp64\www\anuncio\system\Database\MigrationRunner.php(299): CodeIgniter\Database\MigrationRunner->migrate('down', Object(stdClass))
#7 D:\wamp64\www\anuncio\system\Commands\Database\MigrateRollback.php(92): CodeIgniter\Database\MigrationRunner->regress(0)
#8 D:\wamp64\www\anuncio\system\CLI\Commands.php(65): CodeIgniter\Commands\Database\MigrateRollback->run(Array)
#9 D:\wamp64\www\anuncio\system\CLI\BaseCommand.php(114): CodeIgniter\CLI\Commands->run('migrate:rollbac...', Array)
#10 D:\wamp64\www\anuncio\system\Commands\Database\MigrateRefresh.php(84): CodeIgniter\CLI\BaseCommand->call('migrate:rollbac...', Array)
#11 D:\wamp64\www\anuncio\system\CLI\Commands.php(65): CodeIgniter\Commands\Database\MigrateRefresh->run(Array)
#12 D:\wamp64\www\anuncio\system\CLI\Console.php(37): CodeIgniter\CLI\Commands->run('migrate:refresh', Array)
#13 D:\wamp64\www\anuncio\spark(97): CodeIgniter\CLI\Console->run()
#14 {main}
ERROR - 2023-06-05 21:21:04 --> mysqli_sql_exception: Incorrect table definition; there can be only one auto column and it must be defined as a key in D:\wamp64\www\anuncio\system\Database\MySQLi\Connection.php:295
Stack trace:
#0 D:\wamp64\www\anuncio\system\Database\MySQLi\Connection.php(295): mysqli->query('CREATE TABLE `c...', 0)
#1 D:\wamp64\www\anuncio\system\Database\BaseConnection.php(692): CodeIgniter\Database\MySQLi\Connection->execute('CREATE TABLE `c...')
#2 D:\wamp64\www\anuncio\system\Database\BaseConnection.php(606): CodeIgniter\Database\BaseConnection->simpleQuery('CREATE TABLE `c...')
#3 D:\wamp64\www\anuncio\system\Database\Forge.php(546): CodeIgniter\Database\BaseConnection->query('CREATE TABLE `c...')
#4 D:\wamp64\www\anuncio\app\Database\Migrations\2023-06-05-200846_CreateTableCategories.php(57): CodeIgniter\Database\Forge->createTable('categories')
#5 D:\wamp64\www\anuncio\system\Database\MigrationRunner.php(877): App\Database\Migrations\CreateTableCategories->up()
#6 D:\wamp64\www\anuncio\system\Database\MigrationRunner.php(188): CodeIgniter\Database\MigrationRunner->migrate('up', Object(stdClass))
#7 D:\wamp64\www\anuncio\system\Commands\Database\Migrate.php(84): CodeIgniter\Database\MigrationRunner->latest(NULL)
#8 D:\wamp64\www\anuncio\system\CLI\Commands.php(65): CodeIgniter\Commands\Database\Migrate->run(Array)
#9 D:\wamp64\www\anuncio\system\CLI\BaseCommand.php(114): CodeIgniter\CLI\Commands->run('migrate', Array)
#10 D:\wamp64\www\anuncio\system\Commands\Database\MigrateRefresh.php(85): CodeIgniter\CLI\BaseCommand->call('migrate', Array)
#11 D:\wamp64\www\anuncio\system\CLI\Commands.php(65): CodeIgniter\Commands\Database\MigrateRefresh->run(Array)
#12 D:\wamp64\www\anuncio\system\CLI\Console.php(37): CodeIgniter\CLI\Commands->run('migrate:refresh', Array)
#13 D:\wamp64\www\anuncio\spark(97): CodeIgniter\CLI\Console->run()
#14 {main}
ERROR - 2023-06-05 21:21:51 --> mysqli_sql_exception: Incorrect table definition; there can be only one auto column and it must be defined as a key in D:\wamp64\www\anuncio\system\Database\MySQLi\Connection.php:295
Stack trace:
#0 D:\wamp64\www\anuncio\system\Database\MySQLi\Connection.php(295): mysqli->query('CREATE TABLE `c...', 0)
#1 D:\wamp64\www\anuncio\system\Database\BaseConnection.php(692): CodeIgniter\Database\MySQLi\Connection->execute('CREATE TABLE `c...')
#2 D:\wamp64\www\anuncio\system\Database\BaseConnection.php(606): CodeIgniter\Database\BaseConnection->simpleQuery('CREATE TABLE `c...')
#3 D:\wamp64\www\anuncio\system\Database\Forge.php(546): CodeIgniter\Database\BaseConnection->query('CREATE TABLE `c...')
#4 D:\wamp64\www\anuncio\app\Database\Migrations\2023-06-05-200846_CreateTableCategories.php(57): CodeIgniter\Database\Forge->createTable('categories')
#5 D:\wamp64\www\anuncio\system\Database\MigrationRunner.php(877): App\Database\Migrations\CreateTableCategories->up()
#6 D:\wamp64\www\anuncio\system\Database\MigrationRunner.php(188): CodeIgniter\Database\MigrationRunner->migrate('up', Object(stdClass))
#7 D:\wamp64\www\anuncio\system\Commands\Database\Migrate.php(84): CodeIgniter\Database\MigrationRunner->latest(NULL)
#8 D:\wamp64\www\anuncio\system\CLI\Commands.php(65): CodeIgniter\Commands\Database\Migrate->run(Array)
#9 D:\wamp64\www\anuncio\system\CLI\BaseCommand.php(114): CodeIgniter\CLI\Commands->run('migrate', Array)
#10 D:\wamp64\www\anuncio\system\Commands\Database\MigrateRefresh.php(85): CodeIgniter\CLI\BaseCommand->call('migrate', Array)
#11 D:\wamp64\www\anuncio\system\CLI\Commands.php(65): CodeIgniter\Commands\Database\MigrateRefresh->run(Array)
#12 D:\wamp64\www\anuncio\system\CLI\Console.php(37): CodeIgniter\CLI\Commands->run('migrate:refresh', Array)
#13 D:\wamp64\www\anuncio\spark(97): CodeIgniter\CLI\Console->run()
#14 {main}
ERROR - 2023-06-05 21:21:55 --> mysqli_sql_exception: Incorrect table definition; there can be only one auto column and it must be defined as a key in D:\wamp64\www\anuncio\system\Database\MySQLi\Connection.php:295
Stack trace:
#0 D:\wamp64\www\anuncio\system\Database\MySQLi\Connection.php(295): mysqli->query('CREATE TABLE `c...', 0)
#1 D:\wamp64\www\anuncio\system\Database\BaseConnection.php(692): CodeIgniter\Database\MySQLi\Connection->execute('CREATE TABLE `c...')
#2 D:\wamp64\www\anuncio\system\Database\BaseConnection.php(606): CodeIgniter\Database\BaseConnection->simpleQuery('CREATE TABLE `c...')
#3 D:\wamp64\www\anuncio\system\Database\Forge.php(546): CodeIgniter\Database\BaseConnection->query('CREATE TABLE `c...')
#4 D:\wamp64\www\anuncio\app\Database\Migrations\2023-06-05-200846_CreateTableCategories.php(57): CodeIgniter\Database\Forge->createTable('categories')
#5 D:\wamp64\www\anuncio\system\Database\MigrationRunner.php(877): App\Database\Migrations\CreateTableCategories->up()
#6 D:\wamp64\www\anuncio\system\Database\MigrationRunner.php(188): CodeIgniter\Database\MigrationRunner->migrate('up', Object(stdClass))
#7 D:\wamp64\www\anuncio\system\Commands\Database\Migrate.php(84): CodeIgniter\Database\MigrationRunner->latest(NULL)
#8 D:\wamp64\www\anuncio\system\CLI\Commands.php(65): CodeIgniter\Commands\Database\Migrate->run(Array)
#9 D:\wamp64\www\anuncio\system\CLI\Console.php(37): CodeIgniter\CLI\Commands->run('migrate', Array)
#10 D:\wamp64\www\anuncio\spark(97): CodeIgniter\CLI\Console->run()
#11 {main}
ERROR - 2023-06-05 21:24:41 --> mysqli_sql_exception: Incorrect table definition; there can be only one auto column and it must be defined as a key in D:\wamp64\www\anuncio\system\Database\MySQLi\Connection.php:295
Stack trace:
#0 D:\wamp64\www\anuncio\system\Database\MySQLi\Connection.php(295): mysqli->query('CREATE TABLE `c...', 0)
#1 D:\wamp64\www\anuncio\system\Database\BaseConnection.php(692): CodeIgniter\Database\MySQLi\Connection->execute('CREATE TABLE `c...')
#2 D:\wamp64\www\anuncio\system\Database\BaseConnection.php(606): CodeIgniter\Database\BaseConnection->simpleQuery('CREATE TABLE `c...')
#3 D:\wamp64\www\anuncio\system\Database\Forge.php(546): CodeIgniter\Database\BaseConnection->query('CREATE TABLE `c...')
#4 D:\wamp64\www\anuncio\app\Database\Migrations\2023-06-05-200846_CreateTableCategories.php(57): CodeIgniter\Database\Forge->createTable('categories')
#5 D:\wamp64\www\anuncio\system\Database\MigrationRunner.php(877): App\Database\Migrations\CreateTableCategories->up()
#6 D:\wamp64\www\anuncio\system\Database\MigrationRunner.php(188): CodeIgniter\Database\MigrationRunner->migrate('up', Object(stdClass))
#7 D:\wamp64\www\anuncio\system\Commands\Database\Migrate.php(84): CodeIgniter\Database\MigrationRunner->latest(NULL)
#8 D:\wamp64\www\anuncio\system\CLI\Commands.php(65): CodeIgniter\Commands\Database\Migrate->run(Array)
#9 D:\wamp64\www\anuncio\system\CLI\Console.php(37): CodeIgniter\CLI\Commands->run('migrate', Array)
#10 D:\wamp64\www\anuncio\spark(97): CodeIgniter\CLI\Console->run()
#11 {main}
ERROR - 2023-06-05 21:25:46 --> mysqli_sql_exception: Incorrect table definition; there can be only one auto column and it must be defined as a key in D:\wamp64\www\anuncio\system\Database\MySQLi\Connection.php:295
Stack trace:
#0 D:\wamp64\www\anuncio\system\Database\MySQLi\Connection.php(295): mysqli->query('CREATE TABLE `c...', 0)
#1 D:\wamp64\www\anuncio\system\Database\BaseConnection.php(692): CodeIgniter\Database\MySQLi\Connection->execute('CREATE TABLE `c...')
#2 D:\wamp64\www\anuncio\system\Database\BaseConnection.php(606): CodeIgniter\Database\BaseConnection->simpleQuery('CREATE TABLE `c...')
#3 D:\wamp64\www\anuncio\system\Database\Forge.php(546): CodeIgniter\Database\BaseConnection->query('CREATE TABLE `c...')
#4 D:\wamp64\www\anuncio\app\Database\Migrations\2023-06-05-200846_CreateTableCategories.php(57): CodeIgniter\Database\Forge->createTable('categorie')
#5 D:\wamp64\www\anuncio\system\Database\MigrationRunner.php(877): App\Database\Migrations\CreateTableCategories->up()
#6 D:\wamp64\www\anuncio\system\Database\MigrationRunner.php(188): CodeIgniter\Database\MigrationRunner->migrate('up', Object(stdClass))
#7 D:\wamp64\www\anuncio\system\Commands\Database\Migrate.php(84): CodeIgniter\Database\MigrationRunner->latest(NULL)
#8 D:\wamp64\www\anuncio\system\CLI\Commands.php(65): CodeIgniter\Commands\Database\Migrate->run(Array)
#9 D:\wamp64\www\anuncio\system\CLI\Console.php(37): CodeIgniter\CLI\Commands->run('migrate', Array)
#10 D:\wamp64\www\anuncio\spark(97): CodeIgniter\CLI\Console->run()
#11 {main}
ERROR - 2023-06-05 21:27:09 --> mysqli_sql_exception: Incorrect table definition; there can be only one auto column and it must be defined as a key in D:\wamp64\www\anuncio\system\Database\MySQLi\Connection.php:295
Stack trace:
#0 D:\wamp64\www\anuncio\system\Database\MySQLi\Connection.php(295): mysqli->query('CREATE TABLE `c...', 0)
#1 D:\wamp64\www\anuncio\system\Database\BaseConnection.php(692): CodeIgniter\Database\MySQLi\Connection->execute('CREATE TABLE `c...')
#2 D:\wamp64\www\anuncio\system\Database\BaseConnection.php(606): CodeIgniter\Database\BaseConnection->simpleQuery('CREATE TABLE `c...')
#3 D:\wamp64\www\anuncio\system\Database\Forge.php(546): CodeIgniter\Database\BaseConnection->query('CREATE TABLE `c...')
#4 D:\wamp64\www\anuncio\app\Database\Migrations\2023-06-05-200846_CreateTableCategories.php(57): CodeIgniter\Database\Forge->createTable('categories')
#5 D:\wamp64\www\anuncio\system\Database\MigrationRunner.php(877): App\Database\Migrations\CreateTableCategories->up()
#6 D:\wamp64\www\anuncio\system\Database\MigrationRunner.php(188): CodeIgniter\Database\MigrationRunner->migrate('up', Object(stdClass))
#7 D:\wamp64\www\anuncio\system\Commands\Database\Migrate.php(84): CodeIgniter\Database\MigrationRunner->latest(NULL)
#8 D:\wamp64\www\anuncio\system\CLI\Commands.php(65): CodeIgniter\Commands\Database\Migrate->run(Array)
#9 D:\wamp64\www\anuncio\system\CLI\Console.php(37): CodeIgniter\CLI\Commands->run('migrate', Array)
#10 D:\wamp64\www\anuncio\spark(97): CodeIgniter\CLI\Console->run()
#11 {main}
ERROR - 2023-06-05 21:27:31 --> mysqli_sql_exception: Incorrect table definition; there can be only one auto column and it must be defined as a key in D:\wamp64\www\anuncio\system\Database\MySQLi\Connection.php:295
Stack trace:
#0 D:\wamp64\www\anuncio\system\Database\MySQLi\Connection.php(295): mysqli->query('CREATE TABLE `c...', 0)
#1 D:\wamp64\www\anuncio\system\Database\BaseConnection.php(692): CodeIgniter\Database\MySQLi\Connection->execute('CREATE TABLE `c...')
#2 D:\wamp64\www\anuncio\system\Database\BaseConnection.php(606): CodeIgniter\Database\BaseConnection->simpleQuery('CREATE TABLE `c...')
#3 D:\wamp64\www\anuncio\system\Database\Forge.php(546): CodeIgniter\Database\BaseConnection->query('CREATE TABLE `c...')
#4 D:\wamp64\www\anuncio\app\Database\Migrations\2023-06-05-200846_CreateTableCategories.php(57): CodeIgniter\Database\Forge->createTable('categories')
#5 D:\wamp64\www\anuncio\system\Database\MigrationRunner.php(877): App\Database\Migrations\CreateTableCategories->up()
#6 D:\wamp64\www\anuncio\system\Database\MigrationRunner.php(188): CodeIgniter\Database\MigrationRunner->migrate('up', Object(stdClass))
#7 D:\wamp64\www\anuncio\system\Commands\Database\Migrate.php(84): CodeIgniter\Database\MigrationRunner->latest(NULL)
#8 D:\wamp64\www\anuncio\system\CLI\Commands.php(65): CodeIgniter\Commands\Database\Migrate->run(Array)
#9 D:\wamp64\www\anuncio\system\CLI\BaseCommand.php(114): CodeIgniter\CLI\Commands->run('migrate', Array)
#10 D:\wamp64\www\anuncio\system\Commands\Database\MigrateRefresh.php(85): CodeIgniter\CLI\BaseCommand->call('migrate', Array)
#11 D:\wamp64\www\anuncio\system\CLI\Commands.php(65): CodeIgniter\Commands\Database\MigrateRefresh->run(Array)
#12 D:\wamp64\www\anuncio\system\CLI\Console.php(37): CodeIgniter\CLI\Commands->run('migrate:refresh', Array)
#13 D:\wamp64\www\anuncio\spark(97): CodeIgniter\CLI\Console->run()
#14 {main}
ERROR - 2023-06-05 21:29:12 --> mysqli_sql_exception: Incorrect table definition; there can be only one auto column and it must be defined as a key in D:\wamp64\www\anuncio\system\Database\MySQLi\Connection.php:295
Stack trace:
#0 D:\wamp64\www\anuncio\system\Database\MySQLi\Connection.php(295): mysqli->query('CREATE TABLE `c...', 0)
#1 D:\wamp64\www\anuncio\system\Database\BaseConnection.php(692): CodeIgniter\Database\MySQLi\Connection->execute('CREATE TABLE `c...')
#2 D:\wamp64\www\anuncio\system\Database\BaseConnection.php(606): CodeIgniter\Database\BaseConnection->simpleQuery('CREATE TABLE `c...')
#3 D:\wamp64\www\anuncio\system\Database\Forge.php(546): CodeIgniter\Database\BaseConnection->query('CREATE TABLE `c...')
#4 D:\wamp64\www\anuncio\app\Database\Migrations\2023-06-05-212845_CreateTableCategories.php(57): CodeIgniter\Database\Forge->createTable('categories')
#5 D:\wamp64\www\anuncio\system\Database\MigrationRunner.php(877): App\Database\Migrations\CreateTableCategories->up()
#6 D:\wamp64\www\anuncio\system\Database\MigrationRunner.php(188): CodeIgniter\Database\MigrationRunner->migrate('up', Object(stdClass))
#7 D:\wamp64\www\anuncio\system\Commands\Database\Migrate.php(84): CodeIgniter\Database\MigrationRunner->latest(NULL)
#8 D:\wamp64\www\anuncio\system\CLI\Commands.php(65): CodeIgniter\Commands\Database\Migrate->run(Array)
#9 D:\wamp64\www\anuncio\system\CLI\Console.php(37): CodeIgniter\CLI\Commands->run('migrate', Array)
#10 D:\wamp64\www\anuncio\spark(97): CodeIgniter\CLI\Console->run()
#11 {main}
CRITICAL - 2023-06-05 22:17:30 --> syntax error, unexpected token "}"
in APPPATH\Controllers\Manager\ManagerController.php on line 12.
 1 SYSTEMPATH\Autoloader\Autoloader.php(289): CodeIgniter\Autoloader\Autoloader->includeFile('D:\\wamp64\\www\\anuncio\\app\\Controllers\\Manager\\ManagerController.php')
 2 SYSTEMPATH\Autoloader\Autoloader.php(267): CodeIgniter\Autoloader\Autoloader->loadInNamespace('App\\Controllers\\Manager\\ManagerController')
 3 [internal function]: CodeIgniter\Autoloader\Autoloader->loadClass('App\\Controllers\\Manager\\ManagerController')
 4 SYSTEMPATH\CodeIgniter.php(892): class_exists('\\App\\Controllers\\Manager\\ManagerController', true)
 5 SYSTEMPATH\CodeIgniter.php(486): CodeIgniter\CodeIgniter->startController()
 6 SYSTEMPATH\CodeIgniter.php(368): CodeIgniter\CodeIgniter->handleRequest(null, Object(Config\Cache), false)
 7 FCPATH\index.php(67): CodeIgniter\CodeIgniter->run()
CRITICAL - 2023-06-05 22:34:30 --> Invalid file: "Manager/Categorie/index.php"
in SYSTEMPATH\Exceptions\FrameworkException.php on line 33.
 1 SYSTEMPATH\View\View.php(201): CodeIgniter\Exceptions\FrameworkException::forInvalidFile('Manager/Categorie/index.php')
 2 SYSTEMPATH\Common.php(1184): CodeIgniter\View\View->render('Manager/Categorie/index', [], true)
 3 APPPATH\Controllers\Manager\CategoriesController.php(14): view('Manager/Categorie/index', [...])
 4 SYSTEMPATH\CodeIgniter.php(934): App\Controllers\Manager\CategoriesController->index()
 5 SYSTEMPATH\CodeIgniter.php(499): CodeIgniter\CodeIgniter->runController(Object(App\Controllers\Manager\CategoriesController))
 6 SYSTEMPATH\CodeIgniter.php(368): CodeIgniter\CodeIgniter->handleRequest(null, Object(Config\Cache), false)
 7 FCPATH\index.php(67): CodeIgniter\CodeIgniter->run()
CRITICAL - 2023-06-05 22:35:08 --> Invalid file: "Manager/Categorie/index.php"
in SYSTEMPATH\Exceptions\FrameworkException.php on line 33.
 1 SYSTEMPATH\View\View.php(201): CodeIgniter\Exceptions\FrameworkException::forInvalidFile('Manager/Categorie/index.php')
 2 SYSTEMPATH\Common.php(1184): CodeIgniter\View\View->render('Manager/Categorie/index', [], true)
 3 APPPATH\Controllers\Manager\CategoriesController.php(14): view('Manager/Categorie/index', [...])
 4 SYSTEMPATH\CodeIgniter.php(934): App\Controllers\Manager\CategoriesController->index()
 5 SYSTEMPATH\CodeIgniter.php(499): CodeIgniter\CodeIgniter->runController(Object(App\Controllers\Manager\CategoriesController))
 6 SYSTEMPATH\CodeIgniter.php(368): CodeIgniter\CodeIgniter->handleRequest(null, Object(Config\Cache), false)
 7 FCPATH\index.php(67): CodeIgniter\CodeIgniter->run()
CRITICAL - 2023-06-05 22:35:37 --> Invalid file: "Manager/Categorie/index.php"
in SYSTEMPATH\Exceptions\FrameworkException.php on line 33.
 1 SYSTEMPATH\View\View.php(201): CodeIgniter\Exceptions\FrameworkException::forInvalidFile('Manager/Categorie/index.php')
 2 SYSTEMPATH\Common.php(1184): CodeIgniter\View\View->render('Manager/Categorie/index', [], true)
 3 APPPATH\Controllers\Manager\CategoriesController.php(14): view('Manager/Categorie/index', [...])
 4 SYSTEMPATH\CodeIgniter.php(934): App\Controllers\Manager\CategoriesController->index()
 5 SYSTEMPATH\CodeIgniter.php(499): CodeIgniter\CodeIgniter->runController(Object(App\Controllers\Manager\CategoriesController))
 6 SYSTEMPATH\CodeIgniter.php(368): CodeIgniter\CodeIgniter->handleRequest(null, Object(Config\Cache), false)
 7 FCPATH\index.php(67): CodeIgniter\CodeIgniter->run()
CRITICAL - 2023-06-05 23:20:15 --> Class "App\Controllers\Manager\CategoryModel" not found
in APPPATH\Controllers\Manager\CategoriesController.php on line 23.
 1 SYSTEMPATH\CodeIgniter.php(934): App\Controllers\Manager\CategoriesController->getAllCategories()
 2 SYSTEMPATH\CodeIgniter.php(499): CodeIgniter\CodeIgniter->runController(Object(App\Controllers\Manager\CategoriesController))
 3 SYSTEMPATH\CodeIgniter.php(368): CodeIgniter\CodeIgniter->handleRequest(null, Object(Config\Cache), false)
 4 FCPATH\index.php(67): CodeIgniter\CodeIgniter->run()
CRITICAL - 2023-06-05 23:20:51 --> Class "App\Controllers\Manager\CategoryModel" not found
in APPPATH\Controllers\Manager\CategoriesController.php on line 23.
 1 SYSTEMPATH\CodeIgniter.php(934): App\Controllers\Manager\CategoriesController->getAllCategories()
 2 SYSTEMPATH\CodeIgniter.php(499): CodeIgniter\CodeIgniter->runController(Object(App\Controllers\Manager\CategoriesController))
 3 SYSTEMPATH\CodeIgniter.php(368): CodeIgniter\CodeIgniter->handleRequest(null, Object(Config\Cache), false)
 4 FCPATH\index.php(67): CodeIgniter\CodeIgniter->run()
CRITICAL - 2023-06-05 23:23:33 --> Class "App\Controllers\Manager\CategoryModel" not found
in APPPATH\Controllers\Manager\CategoriesController.php on line 23.
 1 SYSTEMPATH\CodeIgniter.php(934): App\Controllers\Manager\CategoriesController->getAllCategories()
 2 SYSTEMPATH\CodeIgniter.php(499): CodeIgniter\CodeIgniter->runController(Object(App\Controllers\Manager\CategoriesController))
 3 SYSTEMPATH\CodeIgniter.php(368): CodeIgniter\CodeIgniter->handleRequest(null, Object(Config\Cache), false)
 4 FCPATH\index.php(67): CodeIgniter\CodeIgniter->run()
CRITICAL - 2023-06-05 23:24:12 --> Class "App\Controllers\Manager\CategoryModel" not found
in APPPATH\Controllers\Manager\CategoriesController.php on line 23.
 1 SYSTEMPATH\CodeIgniter.php(934): App\Controllers\Manager\CategoriesController->getAllCategories()
 2 SYSTEMPATH\CodeIgniter.php(499): CodeIgniter\CodeIgniter->runController(Object(App\Controllers\Manager\CategoriesController))
 3 SYSTEMPATH\CodeIgniter.php(368): CodeIgniter\CodeIgniter->handleRequest(null, Object(Config\Cache), false)
 4 FCPATH\index.php(67): CodeIgniter\CodeIgniter->run()
INFO - 2023-06-05 23:27:11 --> Session: Class initialized using 'CodeIgniter\Session\Handlers\FileHandler' driver.
CRITICAL - 2023-06-05 23:27:31 --> Class "App\Controllers\Manager\CategoryModel" not found
in APPPATH\Controllers\Manager\CategoriesController.php on line 23.
 1 SYSTEMPATH\CodeIgniter.php(934): App\Controllers\Manager\CategoriesController->getAllCategories()
 2 SYSTEMPATH\CodeIgniter.php(499): CodeIgniter\CodeIgniter->runController(Object(App\Controllers\Manager\CategoriesController))
 3 SYSTEMPATH\CodeIgniter.php(368): CodeIgniter\CodeIgniter->handleRequest(null, Object(Config\Cache), false)
 4 FCPATH\index.php(67): CodeIgniter\CodeIgniter->run()
CRITICAL - 2023-06-05 23:27:36 --> Class "App\Controllers\Manager\CategoryModel" not found
in APPPATH\Controllers\Manager\CategoriesController.php on line 23.
 1 SYSTEMPATH\CodeIgniter.php(934): App\Controllers\Manager\CategoriesController->getAllCategories()
 2 SYSTEMPATH\CodeIgniter.php(499): CodeIgniter\CodeIgniter->runController(Object(App\Controllers\Manager\CategoriesController))
 3 SYSTEMPATH\CodeIgniter.php(368): CodeIgniter\CodeIgniter->handleRequest(null, Object(Config\Cache), false)
 4 FCPATH\index.php(67): CodeIgniter\CodeIgniter->run()
CRITICAL - 2023-06-05 23:30:50 --> Class "App\Model\CategoryModel" not found
in APPPATH\Controllers\Manager\CategoriesController.php on line 24.
 1 SYSTEMPATH\CodeIgniter.php(934): App\Controllers\Manager\CategoriesController->getAllCategories()
 2 SYSTEMPATH\CodeIgniter.php(499): CodeIgniter\CodeIgniter->runController(Object(App\Controllers\Manager\CategoriesController))
 3 SYSTEMPATH\CodeIgniter.php(368): CodeIgniter\CodeIgniter->handleRequest(null, Object(Config\Cache), false)
 4 FCPATH\index.php(67): CodeIgniter\CodeIgniter->run()
INFO - 2023-06-05 23:31:23 --> Session: Class initialized using 'CodeIgniter\Session\Handlers\FileHandler' driver.
CRITICAL - 2023-06-05 23:33:42 --> Undefined variable $CategoryModel
in APPPATH\Controllers\Manager\CategoriesController.php on line 26.
 1 APPPATH\Controllers\Manager\CategoriesController.php(26): CodeIgniter\Debug\Exceptions->errorHandler(2, 'Undefined variable $CategoryModel', 'D:\\wamp64\\www\\anuncio\\app\\Controllers\\Manager\\CategoriesController.php', 26)
 2 SYSTEMPATH\CodeIgniter.php(934): App\Controllers\Manager\CategoriesController->getAllCategories()
 3 SYSTEMPATH\CodeIgniter.php(499): CodeIgniter\CodeIgniter->runController(Object(App\Controllers\Manager\CategoriesController))
 4 SYSTEMPATH\CodeIgniter.php(368): CodeIgniter\CodeIgniter->handleRequest(null, Object(Config\Cache), false)
 5 FCPATH\index.php(67): CodeIgniter\CodeIgniter->run()
CRITICAL - 2023-06-05 23:34:18 --> Array to string conversion
in APPPATH\Controllers\Manager\CategoriesController.php on line 28.
 1 APPPATH\Controllers\Manager\CategoriesController.php(28): CodeIgniter\Debug\Exceptions->errorHandler(2, 'Array to string conversion', 'D:\\wamp64\\www\\anuncio\\app\\Controllers\\Manager\\CategoriesController.php', 28)
 2 SYSTEMPATH\CodeIgniter.php(934): App\Controllers\Manager\CategoriesController->getAllCategories()
 3 SYSTEMPATH\CodeIgniter.php(499): CodeIgniter\CodeIgniter->runController(Object(App\Controllers\Manager\CategoriesController))
 4 SYSTEMPATH\CodeIgniter.php(368): CodeIgniter\CodeIgniter->handleRequest(null, Object(Config\Cache), false)
 5 FCPATH\index.php(67): CodeIgniter\CodeIgniter->run()
CRITICAL - 2023-06-05 23:34:50 --> Object of class App\Models\CategoryModel could not be converted to string
in APPPATH\Controllers\Manager\CategoriesController.php on line 28.
 1 SYSTEMPATH\CodeIgniter.php(934): App\Controllers\Manager\CategoriesController->getAllCategories()
 2 SYSTEMPATH\CodeIgniter.php(499): CodeIgniter\CodeIgniter->runController(Object(App\Controllers\Manager\CategoriesController))
 3 SYSTEMPATH\CodeIgniter.php(368): CodeIgniter\CodeIgniter->handleRequest(null, Object(Config\Cache), false)
 4 FCPATH\index.php(67): CodeIgniter\CodeIgniter->run()
CRITICAL - 2023-06-05 23:35:25 --> Object of class App\Models\CategoryModel could not be converted to string
in APPPATH\Controllers\Manager\CategoriesController.php on line 28.
 1 SYSTEMPATH\CodeIgniter.php(934): App\Controllers\Manager\CategoriesController->getAllCategories()
 2 SYSTEMPATH\CodeIgniter.php(499): CodeIgniter\CodeIgniter->runController(Object(App\Controllers\Manager\CategoriesController))
 3 SYSTEMPATH\CodeIgniter.php(368): CodeIgniter\CodeIgniter->handleRequest(null, Object(Config\Cache), false)
 4 FCPATH\index.php(67): CodeIgniter\CodeIgniter->run()
CRITICAL - 2023-06-05 23:37:27 --> Array to string conversion
in APPPATH\Controllers\Manager\CategoriesController.php on line 28.
 1 APPPATH\Controllers\Manager\CategoriesController.php(28): CodeIgniter\Debug\Exceptions->errorHandler(2, 'Array to string conversion', 'D:\\wamp64\\www\\anuncio\\app\\Controllers\\Manager\\CategoriesController.php', 28)
 2 SYSTEMPATH\CodeIgniter.php(934): App\Controllers\Manager\CategoriesController->getAllCategories()
 3 SYSTEMPATH\CodeIgniter.php(499): CodeIgniter\CodeIgniter->runController(Object(App\Controllers\Manager\CategoriesController))
 4 SYSTEMPATH\CodeIgniter.php(368): CodeIgniter\CodeIgniter->handleRequest(null, Object(Config\Cache), false)
 5 FCPATH\index.php(67): CodeIgniter\CodeIgniter->run()
CRITICAL - 2023-06-05 23:38:24 --> Array to string conversion
in APPPATH\Controllers\Manager\CategoriesController.php on line 28.
 1 APPPATH\Controllers\Manager\CategoriesController.php(28): CodeIgniter\Debug\Exceptions->errorHandler(2, 'Array to string conversion', 'D:\\wamp64\\www\\anuncio\\app\\Controllers\\Manager\\CategoriesController.php', 28)
 2 SYSTEMPATH\CodeIgniter.php(934): App\Controllers\Manager\CategoriesController->getAllCategories()
 3 SYSTEMPATH\CodeIgniter.php(499): CodeIgniter\CodeIgniter->runController(Object(App\Controllers\Manager\CategoriesController))
 4 SYSTEMPATH\CodeIgniter.php(368): CodeIgniter\CodeIgniter->handleRequest(null, Object(Config\Cache), false)
 5 FCPATH\index.php(67): CodeIgniter\CodeIgniter->run()
CRITICAL - 2023-06-05 23:39:53 --> Array to string conversion
in APPPATH\Controllers\Manager\CategoriesController.php on line 28.
 1 APPPATH\Controllers\Manager\CategoriesController.php(28): CodeIgniter\Debug\Exceptions->errorHandler(2, 'Array to string conversion', 'D:\\wamp64\\www\\anuncio\\app\\Controllers\\Manager\\CategoriesController.php', 28)
 2 SYSTEMPATH\CodeIgniter.php(934): App\Controllers\Manager\CategoriesController->getAllCategories()
 3 SYSTEMPATH\CodeIgniter.php(499): CodeIgniter\CodeIgniter->runController(Object(App\Controllers\Manager\CategoriesController))
 4 SYSTEMPATH\CodeIgniter.php(368): CodeIgniter\CodeIgniter->handleRequest(null, Object(Config\Cache), false)
 5 FCPATH\index.php(67): CodeIgniter\CodeIgniter->run()
CRITICAL - 2023-06-05 23:41:21 --> Array to string conversion
in APPPATH\Controllers\Manager\CategoriesController.php on line 29.
 1 APPPATH\Controllers\Manager\CategoriesController.php(29): CodeIgniter\Debug\Exceptions->errorHandler(2, 'Array to string conversion', 'D:\\wamp64\\www\\anuncio\\app\\Controllers\\Manager\\CategoriesController.php', 29)
 2 SYSTEMPATH\CodeIgniter.php(934): App\Controllers\Manager\CategoriesController->getAllCategories()
 3 SYSTEMPATH\CodeIgniter.php(499): CodeIgniter\CodeIgniter->runController(Object(App\Controllers\Manager\CategoriesController))
 4 SYSTEMPATH\CodeIgniter.php(368): CodeIgniter\CodeIgniter->handleRequest(null, Object(Config\Cache), false)
 5 FCPATH\index.php(67): CodeIgniter\CodeIgniter->run()
CRITICAL - 2023-06-05 23:41:45 --> Array to string conversion
in APPPATH\Controllers\Manager\CategoriesController.php on line 29.
 1 APPPATH\Controllers\Manager\CategoriesController.php(29): CodeIgniter\Debug\Exceptions->errorHandler(2, 'Array to string conversion', 'D:\\wamp64\\www\\anuncio\\app\\Controllers\\Manager\\CategoriesController.php', 29)
 2 SYSTEMPATH\CodeIgniter.php(934): App\Controllers\Manager\CategoriesController->getAllCategories()
 3 SYSTEMPATH\CodeIgniter.php(499): CodeIgniter\CodeIgniter->runController(Object(App\Controllers\Manager\CategoriesController))
 4 SYSTEMPATH\CodeIgniter.php(368): CodeIgniter\CodeIgniter->handleRequest(null, Object(Config\Cache), false)
 5 FCPATH\index.php(67): CodeIgniter\CodeIgniter->run()
CRITICAL - 2023-06-05 23:48:11 --> syntax error, unexpected token "}"
in APPPATH\Controllers\Manager\CategoriesController.php on line 38.
 1 SYSTEMPATH\Autoloader\Autoloader.php(289): CodeIgniter\Autoloader\Autoloader->includeFile('D:\\wamp64\\www\\anuncio\\app\\Controllers\\Manager\\CategoriesController.php')
 2 SYSTEMPATH\Autoloader\Autoloader.php(267): CodeIgniter\Autoloader\Autoloader->loadInNamespace('App\\Controllers\\Manager\\CategoriesController')
 3 [internal function]: CodeIgniter\Autoloader\Autoloader->loadClass('App\\Controllers\\Manager\\CategoriesController')
 4 SYSTEMPATH\CodeIgniter.php(892): class_exists('\\App\\Controllers\\Manager\\CategoriesController', true)
 5 SYSTEMPATH\CodeIgniter.php(486): CodeIgniter\CodeIgniter->startController()
 6 SYSTEMPATH\CodeIgniter.php(368): CodeIgniter\CodeIgniter->handleRequest(null, Object(Config\Cache), false)
 7 FCPATH\index.php(67): CodeIgniter\CodeIgniter->run()
CRITICAL - 2023-06-05 23:49:05 --> syntax error, unexpected token "}"
in APPPATH\Controllers\Manager\CategoriesController.php on line 38.
 1 SYSTEMPATH\Autoloader\Autoloader.php(289): CodeIgniter\Autoloader\Autoloader->includeFile('D:\\wamp64\\www\\anuncio\\app\\Controllers\\Manager\\CategoriesController.php')
 2 SYSTEMPATH\Autoloader\Autoloader.php(267): CodeIgniter\Autoloader\Autoloader->loadInNamespace('App\\Controllers\\Manager\\CategoriesController')
 3 [internal function]: CodeIgniter\Autoloader\Autoloader->loadClass('App\\Controllers\\Manager\\CategoriesController')
 4 SYSTEMPATH\CodeIgniter.php(892): class_exists('\\App\\Controllers\\Manager\\CategoriesController', true)
 5 SYSTEMPATH\CodeIgniter.php(486): CodeIgniter\CodeIgniter->startController()
 6 SYSTEMPATH\CodeIgniter.php(368): CodeIgniter\CodeIgniter->handleRequest(null, Object(Config\Cache), false)
 7 FCPATH\index.php(67): CodeIgniter\CodeIgniter->run()
ERROR - 2023-06-05 23:51:28 --> mysqli_sql_exception: You have an error in your SQL syntax; check the manual that corresponds to your MySQL server version for the right syntax to use near '),
	KEY `parent_id` (`parent_id`)
) DEFAULT CHARACTER SET = utf8 COLLATE = utf8_' at line 10 in D:\wamp64\www\anuncio\system\Database\MySQLi\Connection.php:295
Stack trace:
#0 D:\wamp64\www\anuncio\system\Database\MySQLi\Connection.php(295): mysqli->query('CREATE TABLE `c...', 0)
#1 D:\wamp64\www\anuncio\system\Database\BaseConnection.php(692): CodeIgniter\Database\MySQLi\Connection->execute('CREATE TABLE `c...')
#2 D:\wamp64\www\anuncio\system\Database\BaseConnection.php(606): CodeIgniter\Database\BaseConnection->simpleQuery('CREATE TABLE `c...')
#3 D:\wamp64\www\anuncio\system\Database\Forge.php(546): CodeIgniter\Database\BaseConnection->query('CREATE TABLE `c...')
#4 D:\wamp64\www\anuncio\app\Database\Migrations\2023-06-05-212845_CreateTableCategories.php(57): CodeIgniter\Database\Forge->createTable('categories')
#5 D:\wamp64\www\anuncio\system\Database\MigrationRunner.php(877): App\Database\Migrations\CreateTableCategories->up()
#6 D:\wamp64\www\anuncio\system\Database\MigrationRunner.php(188): CodeIgniter\Database\MigrationRunner->migrate('up', Object(stdClass))
#7 D:\wamp64\www\anuncio\system\Commands\Database\Migrate.php(84): CodeIgniter\Database\MigrationRunner->latest(NULL)
#8 D:\wamp64\www\anuncio\system\CLI\Commands.php(65): CodeIgniter\Commands\Database\Migrate->run(Array)
#9 D:\wamp64\www\anuncio\system\CLI\BaseCommand.php(114): CodeIgniter\CLI\Commands->run('migrate', Array)
#10 D:\wamp64\www\anuncio\system\Commands\Database\MigrateRefresh.php(85): CodeIgniter\CLI\BaseCommand->call('migrate', Array)
#11 D:\wamp64\www\anuncio\system\CLI\Commands.php(65): CodeIgniter\Commands\Database\MigrateRefresh->run(Array)
#12 D:\wamp64\www\anuncio\system\CLI\Console.php(37): CodeIgniter\CLI\Commands->run('migrate:refresh', Array)
#13 D:\wamp64\www\anuncio\spark(97): CodeIgniter\CLI\Console->run()
#14 {main}
ERROR - 2023-06-05 23:52:02 --> mysqli_sql_exception: You have an error in your SQL syntax; check the manual that corresponds to your MySQL server version for the right syntax to use near '),
	KEY `parent_id` (`parent_id`)
) DEFAULT CHARACTER SET = utf8 COLLATE = utf8_' at line 10 in D:\wamp64\www\anuncio\system\Database\MySQLi\Connection.php:295
Stack trace:
#0 D:\wamp64\www\anuncio\system\Database\MySQLi\Connection.php(295): mysqli->query('CREATE TABLE `c...', 0)
#1 D:\wamp64\www\anuncio\system\Database\BaseConnection.php(692): CodeIgniter\Database\MySQLi\Connection->execute('CREATE TABLE `c...')
#2 D:\wamp64\www\anuncio\system\Database\BaseConnection.php(606): CodeIgniter\Database\BaseConnection->simpleQuery('CREATE TABLE `c...')
#3 D:\wamp64\www\anuncio\system\Database\Forge.php(546): CodeIgniter\Database\BaseConnection->query('CREATE TABLE `c...')
#4 D:\wamp64\www\anuncio\app\Database\Migrations\2023-06-05-212845_CreateTableCategories.php(57): CodeIgniter\Database\Forge->createTable('categories')
#5 D:\wamp64\www\anuncio\system\Database\MigrationRunner.php(877): App\Database\Migrations\CreateTableCategories->up()
#6 D:\wamp64\www\anuncio\system\Database\MigrationRunner.php(188): CodeIgniter\Database\MigrationRunner->migrate('up', Object(stdClass))
#7 D:\wamp64\www\anuncio\system\Commands\Database\Migrate.php(84): CodeIgniter\Database\MigrationRunner->latest(NULL)
#8 D:\wamp64\www\anuncio\system\CLI\Commands.php(65): CodeIgniter\Commands\Database\Migrate->run(Array)
#9 D:\wamp64\www\anuncio\system\CLI\Console.php(37): CodeIgniter\CLI\Commands->run('migrate', Array)
#10 D:\wamp64\www\anuncio\spark(97): CodeIgniter\CLI\Console->run()
#11 {main}
CRITICAL - 2023-06-05 23:55:02 --> Undefined property: stdClass::$slog
in APPPATH\Controllers\Manager\CategoriesController.php on line 35.
 1 APPPATH\Controllers\Manager\CategoriesController.php(35): CodeIgniter\Debug\Exceptions->errorHandler(2, 'Undefined property: stdClass::$slog', 'D:\\wamp64\\www\\anuncio\\app\\Controllers\\Manager\\CategoriesController.php', 35)
 2 SYSTEMPATH\CodeIgniter.php(934): App\Controllers\Manager\CategoriesController->getAllCategories()
 3 SYSTEMPATH\CodeIgniter.php(499): CodeIgniter\CodeIgniter->runController(Object(App\Controllers\Manager\CategoriesController))
 4 SYSTEMPATH\CodeIgniter.php(368): CodeIgniter\CodeIgniter->handleRequest(null, Object(Config\Cache), false)
 5 FCPATH\index.php(67): CodeIgniter\CodeIgniter->run()
