CRITICAL - 2023-06-06 00:10:41 --> Class "App\Controllers\Manager\Factory" not found
in APPPATH\Controllers\Manager\CategoriesController.php on line 14.
 1 SYSTEMPATH\CodeIgniter.php(906): App\Controllers\Manager\CategoriesController->__construct()
 2 SYSTEMPATH\CodeIgniter.php(490): CodeIgniter\CodeIgniter->createController()
 3 SYSTEMPATH\CodeIgniter.php(368): CodeIgniter\CodeIgniter->handleRequest(null, Object(Config\Cache), false)
 4 FCPATH\index.php(67): CodeIgniter\CodeIgniter->run()
CRITICAL - 2023-06-06 00:12:17 --> Class "App\Controllers\Manager\Factory" not found
in APPPATH\Controllers\Manager\CategoriesController.php on line 16.
 1 SYSTEMPATH\CodeIgniter.php(906): App\Controllers\Manager\CategoriesController->__construct()
 2 SYSTEMPATH\CodeIgniter.php(490): CodeIgniter\CodeIgniter->createController()
 3 SYSTEMPATH\CodeIgniter.php(368): CodeIgniter\CodeIgniter->handleRequest(null, Object(Config\Cache), false)
 4 FCPATH\index.php(67): CodeIgniter\CodeIgniter->run()
CRITICAL - 2023-06-06 00:15:08 --> Class "App\Controllers\Manager\Factory" not found
in APPPATH\Controllers\Manager\CategoriesController.php on line 16.
 1 SYSTEMPATH\CodeIgniter.php(906): App\Controllers\Manager\CategoriesController->__construct()
 2 SYSTEMPATH\CodeIgniter.php(490): CodeIgniter\CodeIgniter->createController()
 3 SYSTEMPATH\CodeIgniter.php(368): CodeIgniter\CodeIgniter->handleRequest(null, Object(Config\Cache), false)
 4 FCPATH\index.php(67): CodeIgniter\CodeIgniter->run()
CRITICAL - 2023-06-06 00:15:46 --> Class "App\Controllers\Manager\CategoryModel" not found
in APPPATH\Controllers\Manager\CategoriesController.php on line 33.
 1 SYSTEMPATH\CodeIgniter.php(934): App\Controllers\Manager\CategoriesController->getAllCategories()
 2 SYSTEMPATH\CodeIgniter.php(499): CodeIgniter\CodeIgniter->runController(Object(App\Controllers\Manager\CategoriesController))
 3 SYSTEMPATH\CodeIgniter.php(368): CodeIgniter\CodeIgniter->handleRequest(null, Object(Config\Cache), false)
 4 FCPATH\index.php(67): CodeIgniter\CodeIgniter->run()
CRITICAL - 2023-06-06 00:17:45 --> Call to a member function getAllCategories() on null
in APPPATH\Controllers\Manager\CategoriesController.php on line 34.
 1 SYSTEMPATH\CodeIgniter.php(934): App\Controllers\Manager\CategoriesController->getAllCategories()
 2 SYSTEMPATH\CodeIgniter.php(499): CodeIgniter\CodeIgniter->runController(Object(App\Controllers\Manager\CategoriesController))
 3 SYSTEMPATH\CodeIgniter.php(368): CodeIgniter\CodeIgniter->handleRequest(null, Object(Config\Cache), false)
 4 FCPATH\index.php(67): CodeIgniter\CodeIgniter->run()
CRITICAL - 2023-06-06 00:17:54 --> Call to a member function getAllCategories() on null
in APPPATH\Controllers\Manager\CategoriesController.php on line 34.
 1 SYSTEMPATH\CodeIgniter.php(934): App\Controllers\Manager\CategoriesController->getAllCategories()
 2 SYSTEMPATH\CodeIgniter.php(499): CodeIgniter\CodeIgniter->runController(Object(App\Controllers\Manager\CategoriesController))
 3 SYSTEMPATH\CodeIgniter.php(368): CodeIgniter\CodeIgniter->handleRequest(null, Object(Config\Cache), false)
 4 FCPATH\index.php(67): CodeIgniter\CodeIgniter->run()
CRITICAL - 2023-06-06 00:18:27 --> Call to a member function getAllCategories() on null
in APPPATH\Controllers\Manager\CategoriesController.php on line 34.
 1 SYSTEMPATH\CodeIgniter.php(934): App\Controllers\Manager\CategoriesController->getAllCategories()
 2 SYSTEMPATH\CodeIgniter.php(499): CodeIgniter\CodeIgniter->runController(Object(App\Controllers\Manager\CategoriesController))
 3 SYSTEMPATH\CodeIgniter.php(368): CodeIgniter\CodeIgniter->handleRequest(null, Object(Config\Cache), false)
 4 FCPATH\index.php(67): CodeIgniter\CodeIgniter->run()
CRITICAL - 2023-06-06 00:19:51 --> Call to a member function getAllCategories() on null
in APPPATH\Controllers\Manager\CategoriesController.php on line 34.
 1 SYSTEMPATH\CodeIgniter.php(934): App\Controllers\Manager\CategoriesController->getAllCategories()
 2 SYSTEMPATH\CodeIgniter.php(499): CodeIgniter\CodeIgniter->runController(Object(App\Controllers\Manager\CategoriesController))
 3 SYSTEMPATH\CodeIgniter.php(368): CodeIgniter\CodeIgniter->handleRequest(null, Object(Config\Cache), false)
 4 FCPATH\index.php(67): CodeIgniter\CodeIgniter->run()
CRITICAL - 2023-06-06 00:19:57 --> Call to a member function getAllCategories() on null
in APPPATH\Controllers\Manager\CategoriesController.php on line 34.
 1 SYSTEMPATH\CodeIgniter.php(934): App\Controllers\Manager\CategoriesController->getAllCategories()
 2 SYSTEMPATH\CodeIgniter.php(499): CodeIgniter\CodeIgniter->runController(Object(App\Controllers\Manager\CategoriesController))
 3 SYSTEMPATH\CodeIgniter.php(368): CodeIgniter\CodeIgniter->handleRequest(null, Object(Config\Cache), false)
 4 FCPATH\index.php(67): CodeIgniter\CodeIgniter->run()
CRITICAL - 2023-06-06 00:20:26 --> Call to a member function getAllCategories() on null
in APPPATH\Controllers\Manager\CategoriesController.php on line 34.
 1 SYSTEMPATH\CodeIgniter.php(934): App\Controllers\Manager\CategoriesController->getAllCategories()
 2 SYSTEMPATH\CodeIgniter.php(499): CodeIgniter\CodeIgniter->runController(Object(App\Controllers\Manager\CategoriesController))
 3 SYSTEMPATH\CodeIgniter.php(368): CodeIgniter\CodeIgniter->handleRequest(null, Object(Config\Cache), false)
 4 FCPATH\index.php(67): CodeIgniter\CodeIgniter->run()
CRITICAL - 2023-06-06 00:22:13 --> Call to a member function getAllCategories() on null
in APPPATH\Controllers\Manager\CategoriesController.php on line 34.
 1 SYSTEMPATH\CodeIgniter.php(934): App\Controllers\Manager\CategoriesController->getAllCategories()
 2 SYSTEMPATH\CodeIgniter.php(499): CodeIgniter\CodeIgniter->runController(Object(App\Controllers\Manager\CategoriesController))
 3 SYSTEMPATH\CodeIgniter.php(368): CodeIgniter\CodeIgniter->handleRequest(null, Object(Config\Cache), false)
 4 FCPATH\index.php(67): CodeIgniter\CodeIgniter->run()
CRITICAL - 2023-06-06 00:23:17 --> Class "App\Services\Factory" not found
in APPPATH\Services\CategoryService.php on line 14.
 1 SYSTEMPATH\Config\Factories.php(129): App\Services\CategoryService->__construct()
 2 APPPATH\Controllers\Manager\CategoriesController.php(16): CodeIgniter\Config\Factories::__callStatic('class', [])
 3 SYSTEMPATH\CodeIgniter.php(906): App\Controllers\Manager\CategoriesController->__construct()
 4 SYSTEMPATH\CodeIgniter.php(490): CodeIgniter\CodeIgniter->createController()
 5 SYSTEMPATH\CodeIgniter.php(368): CodeIgniter\CodeIgniter->handleRequest(null, Object(Config\Cache), false)
 6 FCPATH\index.php(67): CodeIgniter\CodeIgniter->run()
CRITICAL - 2023-06-06 00:23:49 --> Class "App\Services\Factory" not found
in APPPATH\Services\CategoryService.php on line 14.
 1 SYSTEMPATH\Config\Factories.php(129): App\Services\CategoryService->__construct()
 2 APPPATH\Controllers\Manager\CategoriesController.php(16): CodeIgniter\Config\Factories::__callStatic('class', [])
 3 SYSTEMPATH\CodeIgniter.php(906): App\Controllers\Manager\CategoriesController->__construct()
 4 SYSTEMPATH\CodeIgniter.php(490): CodeIgniter\CodeIgniter->createController()
 5 SYSTEMPATH\CodeIgniter.php(368): CodeIgniter\CodeIgniter->handleRequest(null, Object(Config\Cache), false)
 6 FCPATH\index.php(67): CodeIgniter\CodeIgniter->run()
CRITICAL - 2023-06-06 00:24:10 --> Class "App\Services\Factory" not found
in APPPATH\Services\CategoryService.php on line 14.
 1 SYSTEMPATH\Config\Factories.php(129): App\Services\CategoryService->__construct()
 2 APPPATH\Controllers\Manager\CategoriesController.php(16): CodeIgniter\Config\Factories::__callStatic('class', [])
 3 SYSTEMPATH\CodeIgniter.php(906): App\Controllers\Manager\CategoriesController->__construct()
 4 SYSTEMPATH\CodeIgniter.php(490): CodeIgniter\CodeIgniter->createController()
 5 SYSTEMPATH\CodeIgniter.php(368): CodeIgniter\CodeIgniter->handleRequest(null, Object(Config\Cache), false)
 6 FCPATH\index.php(67): CodeIgniter\CodeIgniter->run()
CRITICAL - 2023-06-06 00:24:12 --> Class "App\Services\Factory" not found
in APPPATH\Services\CategoryService.php on line 14.
 1 SYSTEMPATH\Config\Factories.php(129): App\Services\CategoryService->__construct()
 2 APPPATH\Controllers\Manager\CategoriesController.php(16): CodeIgniter\Config\Factories::__callStatic('class', [])
 3 SYSTEMPATH\CodeIgniter.php(906): App\Controllers\Manager\CategoriesController->__construct()
 4 SYSTEMPATH\CodeIgniter.php(490): CodeIgniter\CodeIgniter->createController()
 5 SYSTEMPATH\CodeIgniter.php(368): CodeIgniter\CodeIgniter->handleRequest(null, Object(Config\Cache), false)
 6 FCPATH\index.php(67): CodeIgniter\CodeIgniter->run()
CRITICAL - 2023-06-06 00:45:18 --> Invalid file: "Manage/Categories/Scripts/_datatable_all.php"
in SYSTEMPATH\Exceptions\FrameworkException.php on line 33.
 1 SYSTEMPATH\View\View.php(201): CodeIgniter\Exceptions\FrameworkException::forInvalidFile('Manage/Categories/Scripts/_datatable_all.php')
 2 SYSTEMPATH\View\View.php(431): CodeIgniter\View\View->render('Manage/Categories/Scripts/_datatable_all', null, true)
 3 APPPATH\Views\Manager\Categories\index.php(79): CodeIgniter\View\View->include('Manage/Categories/Scripts/_datatable_all')
 4 SYSTEMPATH\View\View.php(213): include('D:\\wamp64\\www\\anuncio\\app\\Views\\Manager\\Categories\\index.php')
 5 SYSTEMPATH\View\View.php(216): CodeIgniter\View\View->CodeIgniter\View\{closure}()
 6 SYSTEMPATH\Common.php(1184): CodeIgniter\View\View->render('Manager/Categories/index', [], true)
 7 APPPATH\Controllers\Manager\CategoriesController.php(24): view('Manager/Categories/index', [...])
 8 SYSTEMPATH\CodeIgniter.php(934): App\Controllers\Manager\CategoriesController->index()
 9 SYSTEMPATH\CodeIgniter.php(499): CodeIgniter\CodeIgniter->runController(Object(App\Controllers\Manager\CategoriesController))
10 SYSTEMPATH\CodeIgniter.php(368): CodeIgniter\CodeIgniter->handleRequest(null, Object(Config\Cache), false)
11 FCPATH\index.php(67): CodeIgniter\CodeIgniter->run()
CRITICAL - 2023-06-06 01:17:10 --> Undefined property: App\Controllers\Manager\CategoriesController::$reguest
in APPPATH\Controllers\Manager\CategoriesController.php on line 45.
 1 APPPATH\Controllers\Manager\CategoriesController.php(45): CodeIgniter\Debug\Exceptions->errorHandler(2, 'Undefined property: App\\Controllers\\Manager\\CategoriesController::$reguest', 'D:\\wamp64\\www\\anuncio\\app\\Controllers\\Manager\\CategoriesController.php', 45)
 2 SYSTEMPATH\CodeIgniter.php(934): App\Controllers\Manager\CategoriesController->getCategoryInfo()
 3 SYSTEMPATH\CodeIgniter.php(499): CodeIgniter\CodeIgniter->runController(Object(App\Controllers\Manager\CategoriesController))
 4 SYSTEMPATH\CodeIgniter.php(368): CodeIgniter\CodeIgniter->handleRequest(null, Object(Config\Cache), false)
 5 FCPATH\index.php(67): CodeIgniter\CodeIgniter->run()
